{"/home/travis/build/npmtest/node-npmtest-sphinxapi/test.js":{"path":"/home/travis/build/npmtest/node-npmtest-sphinxapi/test.js","s":{"1":2,"2":2,"3":2,"4":2,"5":2,"6":2,"7":2,"8":1,"9":2,"10":2,"11":1,"12":1,"13":1,"14":1,"15":2,"16":2,"17":2,"18":2,"19":1,"20":1,"21":2,"22":2,"23":2,"24":1,"25":1,"26":1,"27":1,"28":1,"29":1,"30":1,"31":1,"32":1,"33":1,"34":1,"35":1,"36":1,"37":1,"38":1,"39":2,"40":2,"41":1,"42":2,"43":2,"44":1,"45":2,"46":2,"47":1,"48":2,"49":2,"50":1,"51":1,"52":1,"53":1,"54":1},"b":{"1":[2,1,1,1],"2":[1,1,1,1],"3":[1,1],"4":[1,1],"5":[1,1],"6":[1,1],"7":[1,1],"8":[1,1],"9":[1,1],"10":[1,1,1],"11":[1,1],"12":[1,1],"13":[1,1],"14":[1,1],"15":[1,1],"16":[1,1],"17":[1,1]},"f":{"1":2,"2":2,"3":2,"4":2,"5":2,"6":1,"7":1,"8":1,"9":2,"10":2,"11":2,"12":2,"13":1},"fnMap":{"1":{"name":"(anonymous_1)","line":12,"loc":{"start":{"line":12,"column":1},"end":{"line":12,"column":13}}},"2":{"name":"(anonymous_2)","line":19,"loc":{"start":{"line":19,"column":5},"end":{"line":19,"column":17}}},"3":{"name":"(anonymous_3)","line":23,"loc":{"start":{"line":23,"column":24},"end":{"line":23,"column":36}}},"4":{"name":"(anonymous_4)","line":61,"loc":{"start":{"line":61,"column":5},"end":{"line":61,"column":17}}},"5":{"name":"(anonymous_5)","line":82,"loc":{"start":{"line":82,"column":5},"end":{"line":82,"column":17}}},"6":{"name":"(anonymous_6)","line":91,"loc":{"start":{"line":91,"column":77},"end":{"line":94,"column":10}}},"7":{"name":"(anonymous_7)","line":112,"loc":{"start":{"line":112,"column":83},"end":{"line":115,"column":10}},"skip":true},"8":{"name":"(anonymous_8)","line":123,"loc":{"start":{"line":123,"column":77},"end":{"line":126,"column":10}},"skip":true},"9":{"name":"(anonymous_9)","line":139,"loc":{"start":{"line":139,"column":12},"end":{"line":139,"column":40}},"skip":true},"10":{"name":"(anonymous_10)","line":147,"loc":{"start":{"line":147,"column":77},"end":{"line":150,"column":10}},"skip":true},"11":{"name":"(anonymous_11)","line":158,"loc":{"start":{"line":158,"column":83},"end":{"line":161,"column":10}},"skip":true},"12":{"name":"(anonymous_12)","line":169,"loc":{"start":{"line":169,"column":79},"end":{"line":172,"column":10}},"skip":true},"13":{"name":"(anonymous_13)","line":180,"loc":{"start":{"line":180,"column":75},"end":{"line":183,"column":10}},"skip":true}},"statementMap":{"1":{"start":{"line":12,"column":0},"end":{"line":195,"column":5}},"2":{"start":{"line":14,"column":4},"end":{"line":14,"column":14}},"3":{"start":{"line":19,"column":4},"end":{"line":56,"column":9}},"4":{"start":{"line":21,"column":8},"end":{"line":21,"column":19}},"5":{"start":{"line":23,"column":8},"end":{"line":35,"column":13}},"6":{"start":{"line":24,"column":12},"end":{"line":34,"column":13}},"7":{"start":{"line":25,"column":16},"end":{"line":28,"column":30}},"8":{"start":{"line":30,"column":16},"end":{"line":33,"column":27}},"9":{"start":{"line":37,"column":8},"end":{"line":39,"column":21}},"10":{"start":{"line":40,"column":8},"end":{"line":53,"column":9}},"11":{"start":{"line":43,"column":12},"end":{"line":46,"column":14}},"12":{"start":{"line":47,"column":12},"end":{"line":47,"column":18}},"13":{"start":{"line":50,"column":12},"end":{"line":51,"column":33}},"14":{"start":{"line":52,"column":12},"end":{"line":52,"column":18}},"15":{"start":{"line":55,"column":8},"end":{"line":55,"column":35}},"16":{"start":{"line":61,"column":4},"end":{"line":63,"column":9}},"17":{"start":{"line":62,"column":8},"end":{"line":62,"column":15}},"18":{"start":{"line":64,"column":4},"end":{"line":77,"column":5}},"19":{"start":{"line":70,"column":8},"end":{"line":70,"column":14}},"20":{"start":{"line":76,"column":8},"end":{"line":76,"column":14}},"21":{"start":{"line":82,"column":4},"end":{"line":84,"column":9}},"22":{"start":{"line":83,"column":8},"end":{"line":83,"column":15}},"23":{"start":{"line":85,"column":4},"end":{"line":194,"column":5}},"24":{"start":{"line":91,"column":8},"end":{"line":99,"column":10}},"25":{"start":{"line":98,"column":12},"end":{"line":98,"column":35}},"26":{"start":{"line":102,"column":8},"end":{"line":104,"column":63}},"27":{"start":{"line":105,"column":8},"end":{"line":105,"column":14}},"28":{"start":{"line":112,"column":8},"end":{"line":121,"column":10},"skip":true},"29":{"start":{"line":119,"column":12},"end":{"line":119,"column":55},"skip":true},"30":{"start":{"line":120,"column":12},"end":{"line":120,"column":48},"skip":true},"31":{"start":{"line":123,"column":8},"end":{"line":136,"column":10},"skip":true},"32":{"start":{"line":130,"column":12},"end":{"line":130,"column":76},"skip":true},"33":{"start":{"line":131,"column":12},"end":{"line":131,"column":73},"skip":true},"34":{"start":{"line":132,"column":12},"end":{"line":132,"column":74},"skip":true},"35":{"start":{"line":133,"column":12},"end":{"line":133,"column":79},"skip":true},"36":{"start":{"line":134,"column":12},"end":{"line":134,"column":25},"skip":true},"37":{"start":{"line":135,"column":12},"end":{"line":135,"column":45},"skip":true},"38":{"start":{"line":138,"column":8},"end":{"line":145,"column":14},"skip":true},"39":{"start":{"line":143,"column":16},"end":{"line":143,"column":29},"skip":true},"40":{"start":{"line":144,"column":16},"end":{"line":144,"column":55},"skip":true},"41":{"start":{"line":147,"column":8},"end":{"line":156,"column":10},"skip":true},"42":{"start":{"line":154,"column":12},"end":{"line":154,"column":25},"skip":true},"43":{"start":{"line":155,"column":12},"end":{"line":155,"column":45},"skip":true},"44":{"start":{"line":158,"column":8},"end":{"line":167,"column":10},"skip":true},"45":{"start":{"line":165,"column":12},"end":{"line":165,"column":25},"skip":true},"46":{"start":{"line":166,"column":12},"end":{"line":166,"column":48},"skip":true},"47":{"start":{"line":169,"column":8},"end":{"line":178,"column":10},"skip":true},"48":{"start":{"line":176,"column":12},"end":{"line":176,"column":25},"skip":true},"49":{"start":{"line":177,"column":12},"end":{"line":177,"column":46},"skip":true},"50":{"start":{"line":180,"column":8},"end":{"line":189,"column":10},"skip":true},"51":{"start":{"line":187,"column":12},"end":{"line":187,"column":94},"skip":true},"52":{"start":{"line":188,"column":12},"end":{"line":188,"column":48},"skip":true},"53":{"start":{"line":192,"column":8},"end":{"line":192,"column":35},"skip":true},"54":{"start":{"line":193,"column":8},"end":{"line":193,"column":14},"skip":true}},"branchMap":{"1":{"line":25,"type":"binary-expr","locations":[{"start":{"line":25,"column":23},"end":{"line":25,"column":62}},{"start":{"line":26,"column":20},"end":{"line":26,"column":70}},{"start":{"line":27,"column":20},"end":{"line":27,"column":71}},{"start":{"line":28,"column":20},"end":{"line":28,"column":29}}]},"2":{"line":30,"type":"binary-expr","locations":[{"start":{"line":30,"column":23},"end":{"line":30,"column":37}},{"start":{"line":31,"column":20},"end":{"line":31,"column":61}},{"start":{"line":32,"column":20},"end":{"line":32,"column":70}},{"start":{"line":33,"column":20},"end":{"line":33,"column":26}}]},"3":{"line":37,"type":"cond-expr","locations":[{"start":{"line":38,"column":14},"end":{"line":38,"column":20}},{"start":{"line":39,"column":14},"end":{"line":39,"column":20}}]},"4":{"line":40,"type":"switch","locations":[{"start":{"line":42,"column":8},"end":{"line":47,"column":18}},{"start":{"line":49,"column":8},"end":{"line":52,"column":18}}]},"5":{"line":44,"type":"binary-expr","locations":[{"start":{"line":44,"column":16},"end":{"line":44,"column":44}},{"start":{"line":44,"column":48},"end":{"line":44,"column":66}}]},"6":{"line":50,"type":"binary-expr","locations":[{"start":{"line":50,"column":21},"end":{"line":50,"column":49}},{"start":{"line":50,"column":53},"end":{"line":50,"column":72}}]},"7":{"line":64,"type":"switch","locations":[{"start":{"line":69,"column":4},"end":{"line":70,"column":14}},{"start":{"line":75,"column":4},"end":{"line":76,"column":14}}]},"8":{"line":85,"type":"switch","locations":[{"start":{"line":90,"column":4},"end":{"line":105,"column":14}},{"start":{"line":111,"column":4},"end":{"line":193,"column":14},"skip":true}]},"9":{"line":91,"type":"binary-expr","locations":[{"start":{"line":91,"column":42},"end":{"line":91,"column":73}},{"start":{"line":91,"column":77},"end":{"line":99,"column":9}}]},"10":{"line":102,"type":"binary-expr","locations":[{"start":{"line":102,"column":18},"end":{"line":102,"column":32}},{"start":{"line":103,"column":12},"end":{"line":103,"column":53}},{"start":{"line":104,"column":12},"end":{"line":104,"column":61}}]},"11":{"line":112,"type":"binary-expr","locations":[{"start":{"line":112,"column":45},"end":{"line":112,"column":79},"skip":true},{"start":{"line":112,"column":83},"end":{"line":121,"column":9},"skip":true}]},"12":{"line":123,"type":"binary-expr","locations":[{"start":{"line":123,"column":42},"end":{"line":123,"column":73},"skip":true},{"start":{"line":123,"column":77},"end":{"line":136,"column":9},"skip":true}]},"13":{"line":138,"type":"binary-expr","locations":[{"start":{"line":138,"column":48},"end":{"line":138,"column":85},"skip":true},{"start":{"line":139,"column":12},"end":{"line":145,"column":13},"skip":true}]},"14":{"line":147,"type":"binary-expr","locations":[{"start":{"line":147,"column":42},"end":{"line":147,"column":73},"skip":true},{"start":{"line":147,"column":77},"end":{"line":156,"column":9},"skip":true}]},"15":{"line":158,"type":"binary-expr","locations":[{"start":{"line":158,"column":45},"end":{"line":158,"column":79},"skip":true},{"start":{"line":158,"column":83},"end":{"line":167,"column":9},"skip":true}]},"16":{"line":169,"type":"binary-expr","locations":[{"start":{"line":169,"column":43},"end":{"line":169,"column":75},"skip":true},{"start":{"line":169,"column":79},"end":{"line":178,"column":9},"skip":true}]},"17":{"line":180,"type":"binary-expr","locations":[{"start":{"line":180,"column":41},"end":{"line":180,"column":71},"skip":true},{"start":{"line":180,"column":75},"end":{"line":189,"column":9},"skip":true}]}},"code":["/* istanbul instrument in package npmtest_sphinxapi */","/*jslint","    bitwise: true,","    browser: true,","    maxerr: 8,","    maxlen: 96,","    node: true,","    nomen: true,","    regexp: true,","    stupid: true","*/","(function () {","    'use strict';","    var local;","","","","    // run shared js-env code - pre-init","    (function () {","        // init local","        local = {};","        // init modeJs","        local.modeJs = (function () {","            try {","                return typeof navigator.userAgent === 'string' &&","                    typeof document.querySelector('body') === 'object' &&","                    typeof XMLHttpRequest.prototype.open === 'function' &&","                    'browser';","            } catch (errorCaughtBrowser) {","                return module.exports &&","                    typeof process.versions.node === 'string' &&","                    typeof require('http').createServer === 'function' &&","                    'node';","            }","        }());","        // init global","        local.global = local.modeJs === 'browser'","            ? window","            : global;","        switch (local.modeJs) {","        // re-init local from window.local","        case 'browser':","            local = local.global.utility2.objectSetDefault(","                local.global.utility2_rollup || local.global.local,","                local.global.utility2","            );","            break;","        // re-init local from example.js","        case 'node':","            local = (local.global.utility2_rollup || require('utility2'))","                .requireReadme();","            break;","        }","        // export local","        local.global.local = local;","    }());","","","","    // run shared js-env code - function","    (function () {","        return;","    }());","    switch (local.modeJs) {","","","","    // run browser js-env code - function","    case 'browser':","        break;","","","","    // run node js-env code - function","    case 'node':","        break;","    }","","","","    // run shared js-env code - post-init","    (function () {","        return;","    }());","    switch (local.modeJs) {","","","","    // run browser js-env code - post-init","    case 'browser':","        local.testCase_browser_nullCase = local.testCase_browser_nullCase || function (","            options,","            onError","        ) {","        /*","         * this function will test browsers's null-case handling-behavior-behavior","         */","            onError(null, options);","        };","","        // run tests","        local.nop(local.modeTest &&","            document.querySelector('#testRunButton1') &&","            document.querySelector('#testRunButton1').click());","        break;","","","","    // run node js-env code - post-init","    /* istanbul ignore next */","    case 'node':","        local.testCase_buildApidoc_default = local.testCase_buildApidoc_default || function (","            options,","            onError","        ) {","        /*","         * this function will test buildApidoc's default handling-behavior-behavior","         */","            options = { modulePathList: module.paths };","            local.buildApidoc(options, onError);","        };","","        local.testCase_buildApp_default = local.testCase_buildApp_default || function (","            options,","            onError","        ) {","        /*","         * this function will test buildApp's default handling-behavior-behavior","         */","            local.testCase_buildReadme_default(options, local.onErrorThrow);","            local.testCase_buildLib_default(options, local.onErrorThrow);","            local.testCase_buildTest_default(options, local.onErrorThrow);","            local.testCase_buildCustomOrg_default(options, local.onErrorThrow);","            options = [];","            local.buildApp(options, onError);","        };","","        local.testCase_buildCustomOrg_default = local.testCase_buildCustomOrg_default ||","            function (options, onError) {","            /*","             * this function will test buildCustomOrg's default handling-behavior","             */","                options = {};","                local.buildCustomOrg(options, onError);","            };","","        local.testCase_buildLib_default = local.testCase_buildLib_default || function (","            options,","            onError","        ) {","        /*","         * this function will test buildLib's default handling-behavior","         */","            options = {};","            local.buildLib(options, onError);","        };","","        local.testCase_buildReadme_default = local.testCase_buildReadme_default || function (","            options,","            onError","        ) {","        /*","         * this function will test buildReadme's default handling-behavior-behavior","         */","            options = {};","            local.buildReadme(options, onError);","        };","","        local.testCase_buildTest_default = local.testCase_buildTest_default || function (","            options,","            onError","        ) {","        /*","         * this function will test buildTest's default handling-behavior","         */","            options = {};","            local.buildTest(options, onError);","        };","","        local.testCase_webpage_default = local.testCase_webpage_default || function (","            options,","            onError","        ) {","        /*","         * this function will test webpage's default handling-behavior","         */","            options = { modeCoverageMerge: true, url: local.serverLocalHost + '?modeTest=1' };","            local.browserTest(options, onError);","        };","","        // run test-server","        local.testRunServer(local);","        break;","    }","}());",""],"l":{"12":2,"14":2,"19":2,"21":2,"23":2,"24":2,"25":2,"30":1,"37":2,"40":2,"43":1,"47":1,"50":1,"52":1,"55":2,"61":2,"62":2,"64":2,"70":1,"76":1,"82":2,"83":2,"85":2,"91":1,"98":1,"102":1,"105":1,"112":1,"119":1,"120":1,"123":1,"130":1,"131":1,"132":1,"133":1,"134":1,"135":1,"138":1,"143":2,"144":2,"147":1,"154":2,"155":2,"158":1,"165":2,"166":2,"169":1,"176":2,"177":2,"180":1,"187":1,"188":1,"192":1,"193":1}},"/home/travis/build/npmtest/node-npmtest-sphinxapi/lib.npmtest_sphinxapi.js":{"path":"/home/travis/build/npmtest/node-npmtest-sphinxapi/lib.npmtest_sphinxapi.js","s":{"1":2,"2":2,"3":2,"4":2,"5":2,"6":2,"7":2,"8":1,"9":2,"10":2,"11":2,"12":2,"13":1,"14":1,"15":1,"16":1},"b":{"1":[2,1,1,1],"2":[1,1,1,1],"3":[1,1],"4":[2,2],"5":[1,1]},"f":{"1":2,"2":2,"3":2},"fnMap":{"1":{"name":"(anonymous_1)","line":12,"loc":{"start":{"line":12,"column":1},"end":{"line":12,"column":13}}},"2":{"name":"(anonymous_2)","line":19,"loc":{"start":{"line":19,"column":5},"end":{"line":19,"column":17}}},"3":{"name":"(anonymous_3)","line":23,"loc":{"start":{"line":23,"column":24},"end":{"line":23,"column":36}}}},"statementMap":{"1":{"start":{"line":12,"column":0},"end":{"line":53,"column":5}},"2":{"start":{"line":14,"column":4},"end":{"line":14,"column":14}},"3":{"start":{"line":19,"column":4},"end":{"line":52,"column":9}},"4":{"start":{"line":21,"column":8},"end":{"line":21,"column":19}},"5":{"start":{"line":23,"column":8},"end":{"line":35,"column":13}},"6":{"start":{"line":24,"column":12},"end":{"line":34,"column":13}},"7":{"start":{"line":25,"column":16},"end":{"line":28,"column":30}},"8":{"start":{"line":30,"column":16},"end":{"line":33,"column":27}},"9":{"start":{"line":37,"column":8},"end":{"line":39,"column":21}},"10":{"start":{"line":41,"column":8},"end":{"line":41,"column":54}},"11":{"start":{"line":43,"column":8},"end":{"line":43,"column":54}},"12":{"start":{"line":45,"column":8},"end":{"line":51,"column":9}},"13":{"start":{"line":46,"column":12},"end":{"line":46,"column":60}},"14":{"start":{"line":48,"column":12},"end":{"line":48,"column":35}},"15":{"start":{"line":49,"column":12},"end":{"line":49,"column":49}},"16":{"start":{"line":50,"column":12},"end":{"line":50,"column":43}}},"branchMap":{"1":{"line":25,"type":"binary-expr","locations":[{"start":{"line":25,"column":23},"end":{"line":25,"column":62}},{"start":{"line":26,"column":20},"end":{"line":26,"column":70}},{"start":{"line":27,"column":20},"end":{"line":27,"column":71}},{"start":{"line":28,"column":20},"end":{"line":28,"column":29}}]},"2":{"line":30,"type":"binary-expr","locations":[{"start":{"line":30,"column":23},"end":{"line":30,"column":37}},{"start":{"line":31,"column":20},"end":{"line":31,"column":61}},{"start":{"line":32,"column":20},"end":{"line":32,"column":70}},{"start":{"line":33,"column":20},"end":{"line":33,"column":26}}]},"3":{"line":37,"type":"cond-expr","locations":[{"start":{"line":38,"column":14},"end":{"line":38,"column":20}},{"start":{"line":39,"column":14},"end":{"line":39,"column":20}}]},"4":{"line":41,"type":"binary-expr","locations":[{"start":{"line":41,"column":16},"end":{"line":41,"column":44}},{"start":{"line":41,"column":48},"end":{"line":41,"column":53}}]},"5":{"line":45,"type":"if","locations":[{"start":{"line":45,"column":8},"end":{"line":45,"column":8}},{"start":{"line":45,"column":8},"end":{"line":45,"column":8}}]}},"code":["/* istanbul instrument in package npmtest_sphinxapi */","/*jslint","    bitwise: true,","    browser: true,","    maxerr: 8,","    maxlen: 96,","    node: true,","    nomen: true,","    regexp: true,","    stupid: true","*/","(function () {","    'use strict';","    var local;","","","","    // run shared js-env code - pre-init","    (function () {","        // init local","        local = {};","        // init modeJs","        local.modeJs = (function () {","            try {","                return typeof navigator.userAgent === 'string' &&","                    typeof document.querySelector('body') === 'object' &&","                    typeof XMLHttpRequest.prototype.open === 'function' &&","                    'browser';","            } catch (errorCaughtBrowser) {","                return module.exports &&","                    typeof process.versions.node === 'string' &&","                    typeof require('http').createServer === 'function' &&","                    'node';","            }","        }());","        // init global","        local.global = local.modeJs === 'browser'","            ? window","            : global;","        // init utility2_rollup","        local = local.global.utility2_rollup || local;","        // init lib","        local.local = local.npmtest_sphinxapi = local;","        // init exports","        if (local.modeJs === 'browser') {","            local.global.utility2_npmtest_sphinxapi = local;","        } else {","            module.exports = local;","            module.exports.__dirname = __dirname;","            module.exports.module = module;","        }","    }());","}());",""],"l":{"12":2,"14":2,"19":2,"21":2,"23":2,"24":2,"25":2,"30":1,"37":2,"41":2,"43":2,"45":2,"46":1,"48":1,"49":1,"50":1}},"/home/travis/build/npmtest/node-npmtest-sphinxapi/example.js":{"path":"/home/travis/build/npmtest/node-npmtest-sphinxapi/example.js","s":{"1":2,"2":2,"3":2,"4":2,"5":2,"6":2,"7":2,"8":1,"9":2,"10":2,"11":2,"12":2,"13":1,"14":2,"15":2,"16":2,"17":2,"18":2,"19":0,"20":2,"21":1,"22":1,"23":1,"24":1,"25":1,"26":0,"27":0,"28":1,"29":1,"30":2,"31":0,"32":0,"33":0,"34":1,"35":2,"36":2,"37":3,"38":3,"39":3,"40":3,"41":0,"42":3,"43":3,"44":3,"45":1,"46":3,"47":1,"48":1,"49":1,"50":1,"51":1,"52":1,"53":1,"54":1,"55":1,"56":1,"57":0,"58":1,"59":6,"60":6,"61":1,"62":2,"63":0,"64":2,"65":1,"66":1,"67":0,"68":0,"69":0,"70":0,"71":0,"72":0,"73":0,"74":0,"75":0,"76":0,"77":0,"78":0,"79":0,"80":0,"81":0,"82":0,"83":0},"b":{"1":[2,1,1,1],"2":[1,1,1,1],"3":[1,1],"4":[2,2],"5":[1,1],"6":[1,1],"7":[2,0],"8":[2,1,1,1,1,1],"9":[0,2,0],"10":[1,1],"11":[2,1,1],"12":[1,0],"13":[0,2],"14":[2,0,0,0,0,0,0],"15":[0,3],"16":[3,0],"17":[1,1],"18":[0,1],"19":[1,2,0,2],"20":[1,0],"21":[1,1],"22":[0,0],"23":[0,0],"24":[0,0],"25":[0,0],"26":[0,0],"27":[0,0],"28":[0,0]},"f":{"1":2,"2":2,"3":2,"4":2,"5":2,"6":2,"7":3,"8":3,"9":3,"10":1,"11":6,"12":0},"fnMap":{"1":{"name":"(anonymous_1)","line":26,"loc":{"start":{"line":26,"column":1},"end":{"line":26,"column":13}}},"2":{"name":"(anonymous_2)","line":33,"loc":{"start":{"line":33,"column":5},"end":{"line":33,"column":17}}},"3":{"name":"(anonymous_3)","line":37,"loc":{"start":{"line":37,"column":24},"end":{"line":37,"column":36}}},"4":{"name":"(anonymous_4)","line":69,"loc":{"start":{"line":69,"column":31},"end":{"line":69,"column":48}},"skip":true},"5":{"name":"(anonymous_5)","line":78,"loc":{"start":{"line":78,"column":26},"end":{"line":78,"column":45}},"skip":true},"6":{"name":"(anonymous_6)","line":123,"loc":{"start":{"line":123,"column":33},"end":{"line":123,"column":48}},"skip":true},"7":{"name":"(anonymous_7)","line":125,"loc":{"start":{"line":125,"column":27},"end":{"line":125,"column":39}},"skip":true},"8":{"name":"(anonymous_8)","line":133,"loc":{"start":{"line":133,"column":59},"end":{"line":133,"column":74}},"skip":true},"9":{"name":"(anonymous_9)","line":143,"loc":{"start":{"line":143,"column":45},"end":{"line":143,"column":62}},"skip":true},"10":{"name":"(anonymous_10)","line":144,"loc":{"start":{"line":144,"column":73},"end":{"line":144,"column":92}},"skip":true},"11":{"name":"(anonymous_11)","line":272,"loc":{"start":{"line":272,"column":51},"end":{"line":272,"column":77}},"skip":true},"12":{"name":"(anonymous_12)","line":315,"loc":{"start":{"line":315,"column":32},"end":{"line":315,"column":61}},"skip":true}},"statementMap":{"1":{"start":{"line":26,"column":0},"end":{"line":326,"column":5}},"2":{"start":{"line":28,"column":4},"end":{"line":28,"column":14}},"3":{"start":{"line":33,"column":4},"end":{"line":60,"column":9}},"4":{"start":{"line":35,"column":8},"end":{"line":35,"column":19}},"5":{"start":{"line":37,"column":8},"end":{"line":49,"column":13}},"6":{"start":{"line":38,"column":12},"end":{"line":48,"column":13}},"7":{"start":{"line":39,"column":16},"end":{"line":42,"column":30}},"8":{"start":{"line":44,"column":16},"end":{"line":47,"column":27}},"9":{"start":{"line":51,"column":8},"end":{"line":53,"column":21}},"10":{"start":{"line":55,"column":8},"end":{"line":57,"column":45}},"11":{"start":{"line":59,"column":8},"end":{"line":59,"column":35}},"12":{"start":{"line":61,"column":4},"end":{"line":325,"column":5}},"13":{"start":{"line":69,"column":8},"end":{"line":121,"column":10},"skip":true},"14":{"start":{"line":70,"column":12},"end":{"line":88,"column":13},"skip":true},"15":{"start":{"line":76,"column":16},"end":{"line":87,"column":19},"skip":true},"16":{"start":{"line":79,"column":20},"end":{"line":86,"column":21},"skip":true},"17":{"start":{"line":82,"column":24},"end":{"line":82,"column":43},"skip":true},"18":{"start":{"line":83,"column":24},"end":{"line":83,"column":30},"skip":true},"19":{"start":{"line":85,"column":24},"end":{"line":85,"column":49},"skip":true},"20":{"start":{"line":89,"column":12},"end":{"line":107,"column":13},"skip":true},"21":{"start":{"line":92,"column":16},"end":{"line":102,"column":17},"skip":true},"22":{"start":{"line":93,"column":20},"end":{"line":93,"column":86},"skip":true},"23":{"start":{"line":94,"column":20},"end":{"line":95,"column":45},"skip":true},"24":{"start":{"line":96,"column":20},"end":{"line":96,"column":42},"skip":true},"25":{"start":{"line":97,"column":20},"end":{"line":97,"column":48},"skip":true},"26":{"start":{"line":100,"column":20},"end":{"line":100,"column":85},"skip":true},"27":{"start":{"line":101,"column":20},"end":{"line":101,"column":96},"skip":true},"28":{"start":{"line":103,"column":16},"end":{"line":103,"column":22},"skip":true},"29":{"start":{"line":106,"column":16},"end":{"line":106,"column":22},"skip":true},"30":{"start":{"line":108,"column":12},"end":{"line":120,"column":13},"skip":true},"31":{"start":{"line":114,"column":16},"end":{"line":119,"column":17},"skip":true},"32":{"start":{"line":116,"column":20},"end":{"line":116,"column":78},"skip":true},"33":{"start":{"line":118,"column":20},"end":{"line":118,"column":47},"skip":true},"34":{"start":{"line":123,"column":8},"end":{"line":141,"column":11},"skip":true},"35":{"start":{"line":124,"column":12},"end":{"line":124,"column":54},"skip":true},"36":{"start":{"line":125,"column":12},"end":{"line":140,"column":14},"skip":true},"37":{"start":{"line":126,"column":16},"end":{"line":126,"column":28},"skip":true},"38":{"start":{"line":127,"column":16},"end":{"line":127,"column":69},"skip":true},"39":{"start":{"line":128,"column":16},"end":{"line":128,"column":75},"skip":true},"40":{"start":{"line":129,"column":16},"end":{"line":131,"column":17},"skip":true},"41":{"start":{"line":130,"column":20},"end":{"line":130,"column":27},"skip":true},"42":{"start":{"line":133,"column":16},"end":{"line":137,"column":36},"skip":true},"43":{"start":{"line":134,"column":20},"end":{"line":136,"column":55},"skip":true},"44":{"start":{"line":139,"column":16},"end":{"line":139,"column":57},"skip":true},"45":{"start":{"line":143,"column":8},"end":{"line":147,"column":11},"skip":true},"46":{"start":{"line":144,"column":12},"end":{"line":146,"column":15},"skip":true},"47":{"start":{"line":145,"column":16},"end":{"line":145,"column":70},"skip":true},"48":{"start":{"line":149,"column":8},"end":{"line":149,"column":31},"skip":true},"49":{"start":{"line":150,"column":8},"end":{"line":150,"column":14},"skip":true},"50":{"start":{"line":158,"column":8},"end":{"line":158,"column":31},"skip":true},"51":{"start":{"line":160,"column":8},"end":{"line":160,"column":33},"skip":true},"52":{"start":{"line":161,"column":8},"end":{"line":161,"column":37},"skip":true},"53":{"start":{"line":162,"column":8},"end":{"line":162,"column":35},"skip":true},"54":{"start":{"line":164,"column":8},"end":{"line":164,"column":50},"skip":true},"55":{"start":{"line":166,"column":8},"end":{"line":256,"column":2},"skip":true},"56":{"start":{"line":258,"column":8},"end":{"line":286,"column":9},"skip":true},"57":{"start":{"line":259,"column":12},"end":{"line":269,"column":14},"skip":true},"58":{"start":{"line":271,"column":12},"end":{"line":285,"column":19},"skip":true},"59":{"start":{"line":274,"column":20},"end":{"line":274,"column":35},"skip":true},"60":{"start":{"line":275,"column":20},"end":{"line":284,"column":21},"skip":true},"61":{"start":{"line":277,"column":24},"end":{"line":277,"column":64},"skip":true},"62":{"start":{"line":279,"column":24},"end":{"line":279,"column":40},"skip":true},"63":{"start":{"line":281,"column":24},"end":{"line":281,"column":40},"skip":true},"64":{"start":{"line":283,"column":24},"end":{"line":283,"column":39},"skip":true},"65":{"start":{"line":288,"column":8},"end":{"line":290,"column":9},"skip":true},"66":{"start":{"line":289,"column":12},"end":{"line":289,"column":18},"skip":true},"67":{"start":{"line":291,"column":8},"end":{"line":293,"column":54},"skip":true},"68":{"start":{"line":296,"column":8},"end":{"line":301,"column":37},"skip":true},"69":{"start":{"line":303,"column":8},"end":{"line":303,"column":82},"skip":true},"70":{"start":{"line":306,"column":8},"end":{"line":308,"column":9},"skip":true},"71":{"start":{"line":307,"column":12},"end":{"line":307,"column":82},"skip":true},"72":{"start":{"line":310,"column":8},"end":{"line":312,"column":9},"skip":true},"73":{"start":{"line":311,"column":12},"end":{"line":311,"column":18},"skip":true},"74":{"start":{"line":313,"column":8},"end":{"line":313,"column":54},"skip":true},"75":{"start":{"line":314,"column":8},"end":{"line":314,"column":69},"skip":true},"76":{"start":{"line":315,"column":8},"end":{"line":323,"column":36},"skip":true},"77":{"start":{"line":316,"column":12},"end":{"line":316,"column":61},"skip":true},"78":{"start":{"line":317,"column":12},"end":{"line":320,"column":13},"skip":true},"79":{"start":{"line":318,"column":16},"end":{"line":318,"column":75},"skip":true},"80":{"start":{"line":319,"column":16},"end":{"line":319,"column":23},"skip":true},"81":{"start":{"line":321,"column":12},"end":{"line":321,"column":38},"skip":true},"82":{"start":{"line":322,"column":12},"end":{"line":322,"column":27},"skip":true},"83":{"start":{"line":324,"column":8},"end":{"line":324,"column":14},"skip":true}},"branchMap":{"1":{"line":39,"type":"binary-expr","locations":[{"start":{"line":39,"column":23},"end":{"line":39,"column":62}},{"start":{"line":40,"column":20},"end":{"line":40,"column":70}},{"start":{"line":41,"column":20},"end":{"line":41,"column":71}},{"start":{"line":42,"column":20},"end":{"line":42,"column":29}}]},"2":{"line":44,"type":"binary-expr","locations":[{"start":{"line":44,"column":23},"end":{"line":44,"column":37}},{"start":{"line":45,"column":20},"end":{"line":45,"column":61}},{"start":{"line":46,"column":20},"end":{"line":46,"column":70}},{"start":{"line":47,"column":20},"end":{"line":47,"column":26}}]},"3":{"line":51,"type":"cond-expr","locations":[{"start":{"line":52,"column":14},"end":{"line":52,"column":20}},{"start":{"line":53,"column":14},"end":{"line":53,"column":20}}]},"4":{"line":55,"type":"binary-expr","locations":[{"start":{"line":55,"column":16},"end":{"line":55,"column":44}},{"start":{"line":55,"column":49},"end":{"line":57,"column":43}}]},"5":{"line":55,"type":"cond-expr","locations":[{"start":{"line":56,"column":14},"end":{"line":56,"column":53}},{"start":{"line":57,"column":14},"end":{"line":57,"column":43}}]},"6":{"line":61,"type":"switch","locations":[{"start":{"line":68,"column":4},"end":{"line":150,"column":14},"skip":true},{"start":{"line":156,"column":4},"end":{"line":324,"column":14},"skip":true}]},"7":{"line":70,"type":"if","locations":[{"start":{"line":70,"column":12},"end":{"line":70,"column":12},"skip":true},{"start":{"line":70,"column":12},"end":{"line":70,"column":12},"skip":true}]},"8":{"line":70,"type":"binary-expr","locations":[{"start":{"line":70,"column":16},"end":{"line":70,"column":22},"skip":true},{"start":{"line":70,"column":27},"end":{"line":70,"column":32},"skip":true},{"start":{"line":71,"column":20},"end":{"line":71,"column":39},"skip":true},{"start":{"line":72,"column":20},"end":{"line":72,"column":49},"skip":true},{"start":{"line":73,"column":20},"end":{"line":73,"column":58},"skip":true},{"start":{"line":74,"column":20},"end":{"line":74,"column":69},"skip":true}]},"9":{"line":79,"type":"switch","locations":[{"start":{"line":80,"column":20},"end":{"line":80,"column":33},"skip":true},{"start":{"line":81,"column":20},"end":{"line":83,"column":30},"skip":true},{"start":{"line":84,"column":20},"end":{"line":85,"column":49},"skip":true}]},"10":{"line":89,"type":"switch","locations":[{"start":{"line":90,"column":12},"end":{"line":103,"column":22},"skip":true},{"start":{"line":105,"column":12},"end":{"line":106,"column":22},"skip":true}]},"11":{"line":89,"type":"binary-expr","locations":[{"start":{"line":89,"column":20},"end":{"line":89,"column":25},"skip":true},{"start":{"line":89,"column":29},"end":{"line":89,"column":48},"skip":true},{"start":{"line":89,"column":52},"end":{"line":89,"column":74},"skip":true}]},"12":{"line":92,"type":"if","locations":[{"start":{"line":92,"column":16},"end":{"line":92,"column":16},"skip":true},{"start":{"line":92,"column":16},"end":{"line":92,"column":16},"skip":true}]},"13":{"line":108,"type":"if","locations":[{"start":{"line":108,"column":12},"end":{"line":108,"column":12},"skip":true},{"start":{"line":108,"column":12},"end":{"line":108,"column":12},"skip":true}]},"14":{"line":108,"type":"binary-expr","locations":[{"start":{"line":108,"column":16},"end":{"line":108,"column":61},"skip":true},{"start":{"line":108,"column":66},"end":{"line":108,"column":72},"skip":true},{"start":{"line":108,"column":77},"end":{"line":108,"column":82},"skip":true},{"start":{"line":109,"column":20},"end":{"line":109,"column":39},"skip":true},{"start":{"line":110,"column":20},"end":{"line":110,"column":49},"skip":true},{"start":{"line":111,"column":20},"end":{"line":111,"column":58},"skip":true},{"start":{"line":112,"column":20},"end":{"line":112,"column":68},"skip":true}]},"15":{"line":129,"type":"if","locations":[{"start":{"line":129,"column":16},"end":{"line":129,"column":16},"skip":true},{"start":{"line":129,"column":16},"end":{"line":129,"column":16},"skip":true}]},"16":{"line":134,"type":"cond-expr","locations":[{"start":{"line":135,"column":26},"end":{"line":135,"column":29},"skip":true},{"start":{"line":136,"column":26},"end":{"line":136,"column":54},"skip":true}]},"17":{"line":164,"type":"binary-expr","locations":[{"start":{"line":164,"column":27},"end":{"line":164,"column":43},"skip":true},{"start":{"line":164,"column":47},"end":{"line":164,"column":49},"skip":true}]},"18":{"line":258,"type":"if","locations":[{"start":{"line":258,"column":8},"end":{"line":258,"column":8},"skip":true},{"start":{"line":258,"column":8},"end":{"line":258,"column":8},"skip":true}]},"19":{"line":275,"type":"switch","locations":[{"start":{"line":276,"column":20},"end":{"line":277,"column":64},"skip":true},{"start":{"line":278,"column":20},"end":{"line":279,"column":40},"skip":true},{"start":{"line":280,"column":20},"end":{"line":281,"column":40},"skip":true},{"start":{"line":282,"column":20},"end":{"line":283,"column":39},"skip":true}]},"20":{"line":288,"type":"if","locations":[{"start":{"line":288,"column":8},"end":{"line":288,"column":8},"skip":true},{"start":{"line":288,"column":8},"end":{"line":288,"column":8},"skip":true}]},"21":{"line":288,"type":"binary-expr","locations":[{"start":{"line":288,"column":12},"end":{"line":288,"column":40},"skip":true},{"start":{"line":288,"column":44},"end":{"line":288,"column":67},"skip":true}]},"22":{"line":292,"type":"binary-expr","locations":[{"start":{"line":292,"column":12},"end":{"line":292,"column":50},"skip":true},{"start":{"line":293,"column":12},"end":{"line":293,"column":53},"skip":true}]},"23":{"line":297,"type":"binary-expr","locations":[{"start":{"line":297,"column":12},"end":{"line":297,"column":67},"skip":true},{"start":{"line":298,"column":12},"end":{"line":301,"column":36},"skip":true}]},"24":{"line":303,"type":"binary-expr","locations":[{"start":{"line":303,"column":43},"end":{"line":303,"column":75},"skip":true},{"start":{"line":303,"column":79},"end":{"line":303,"column":81},"skip":true}]},"25":{"line":306,"type":"if","locations":[{"start":{"line":306,"column":8},"end":{"line":306,"column":8},"skip":true},{"start":{"line":306,"column":8},"end":{"line":306,"column":8},"skip":true}]},"26":{"line":310,"type":"if","locations":[{"start":{"line":310,"column":8},"end":{"line":310,"column":8},"skip":true},{"start":{"line":310,"column":8},"end":{"line":310,"column":8},"skip":true}]},"27":{"line":313,"type":"binary-expr","locations":[{"start":{"line":313,"column":27},"end":{"line":313,"column":43},"skip":true},{"start":{"line":313,"column":47},"end":{"line":313,"column":53},"skip":true}]},"28":{"line":317,"type":"if","locations":[{"start":{"line":317,"column":12},"end":{"line":317,"column":12},"skip":true},{"start":{"line":317,"column":12},"end":{"line":317,"column":12},"skip":true}]}},"code":["/*","example.js","","quickstart example","","instruction","    1. save this script as example.js","    2. run the shell command:","        $ npm install npmtest-sphinxapi && PORT=8081 node example.js","    3. play with the browser-demo on http://127.0.0.1:8081","*/","","","","/* istanbul instrument in package npmtest_sphinxapi */","/*jslint","    bitwise: true,","    browser: true,","    maxerr: 8,","    maxlen: 96,","    node: true,","    nomen: true,","    regexp: true,","    stupid: true","*/","(function () {","    'use strict';","    var local;","","","","    // run shared js-env code - pre-init","    (function () {","        // init local","        local = {};","        // init modeJs","        local.modeJs = (function () {","            try {","                return typeof navigator.userAgent === 'string' &&","                    typeof document.querySelector('body') === 'object' &&","                    typeof XMLHttpRequest.prototype.open === 'function' &&","                    'browser';","            } catch (errorCaughtBrowser) {","                return module.exports &&","                    typeof process.versions.node === 'string' &&","                    typeof require('http').createServer === 'function' &&","                    'node';","            }","        }());","        // init global","        local.global = local.modeJs === 'browser'","            ? window","            : global;","        // init utility2_rollup","        local = local.global.utility2_rollup || (local.modeJs === 'browser'","            ? local.global.utility2_npmtest_sphinxapi","            : global.utility2_moduleExports);","        // export local","        local.global.local = local;","    }());","    switch (local.modeJs) {","","","","    // post-init","    // run browser js-env code - post-init","    /* istanbul ignore next */","    case 'browser':","        local.testRunBrowser = function (event) {","            if (!event || (event &&","                    event.currentTarget &&","                    event.currentTarget.className &&","                    event.currentTarget.className.includes &&","                    event.currentTarget.className.includes('onreset'))) {","                // reset output","                Array.from(","                    document.querySelectorAll('body > .resettable')","                ).forEach(function (element) {","                    switch (element.tagName) {","                    case 'INPUT':","                    case 'TEXTAREA':","                        element.value = '';","                        break;","                    default:","                        element.textContent = '';","                    }","                });","            }","            switch (event && event.currentTarget && event.currentTarget.id) {","            case 'testRunButton1':","                // show tests","                if (document.querySelector('#testReportDiv1').style.display === 'none') {","                    document.querySelector('#testReportDiv1').style.display = 'block';","                    document.querySelector('#testRunButton1').textContent =","                        'hide internal test';","                    local.modeTest = true;","                    local.testRunDefault(local);","                // hide tests","                } else {","                    document.querySelector('#testReportDiv1').style.display = 'none';","                    document.querySelector('#testRunButton1').textContent = 'run internal test';","                }","                break;","            // custom-case","            default:","                break;","            }","            if (document.querySelector('#inputTextareaEval1') && (!event || (event &&","                    event.currentTarget &&","                    event.currentTarget.className &&","                    event.currentTarget.className.includes &&","                    event.currentTarget.className.includes('oneval')))) {","                // try to eval input-code","                try {","                    /*jslint evil: true*/","                    eval(document.querySelector('#inputTextareaEval1').value);","                } catch (errorCaught) {","                    console.error(errorCaught);","                }","            }","        };","        // log stderr and stdout to #outputTextareaStdout1","        ['error', 'log'].forEach(function (key) {","            console[key + '_original'] = console[key];","            console[key] = function () {","                var element;","                console[key + '_original'].apply(console, arguments);","                element = document.querySelector('#outputTextareaStdout1');","                if (!element) {","                    return;","                }","                // append text to #outputTextareaStdout1","                element.value += Array.from(arguments).map(function (arg) {","                    return typeof arg === 'string'","                        ? arg","                        : JSON.stringify(arg, null, 4);","                }).join(' ') + '\\n';","                // scroll textarea to bottom","                element.scrollTop = element.scrollHeight;","            };","        });","        // init event-handling","        ['change', 'click', 'keyup'].forEach(function (event) {","            Array.from(document.querySelectorAll('.on' + event)).forEach(function (element) {","                element.addEventListener(event, local.testRunBrowser);","            });","        });","        // run tests","        local.testRunBrowser();","        break;","","","","    // run node js-env code - post-init","    /* istanbul ignore next */","    case 'node':","        // export local","        module.exports = local;","        // require modules","        local.fs = require('fs');","        local.http = require('http');","        local.url = require('url');","        // init assets","        local.assetsDict = local.assetsDict || {};","        /* jslint-ignore-begin */","        local.assetsDict['/assets.index.template.html'] = '\\","<!doctype html>\\n\\","<html lang=\"en\">\\n\\","<head>\\n\\","<meta charset=\"UTF-8\">\\n\\","<meta name=\"viewport\" content=\"width=device-width, initial-scale=1\">\\n\\","<title>{{env.npm_package_name}} (v{{env.npm_package_version}})</title>\\n\\","<style>\\n\\","/*csslint\\n\\","    box-sizing: false,\\n\\","    universal-selector: false\\n\\","*/\\n\\","* {\\n\\","    box-sizing: border-box;\\n\\","}\\n\\","body {\\n\\","    background: #dde;\\n\\","    font-family: Arial, Helvetica, sans-serif;\\n\\","    margin: 2rem;\\n\\","}\\n\\","body > * {\\n\\","    margin-bottom: 1rem;\\n\\","}\\n\\",".utility2FooterDiv {\\n\\","    margin-top: 20px;\\n\\","    text-align: center;\\n\\","}\\n\\","</style>\\n\\","<style>\\n\\","/*csslint\\n\\","*/\\n\\","textarea {\\n\\","    font-family: monospace;\\n\\","    height: 10rem;\\n\\","    width: 100%;\\n\\","}\\n\\","textarea[readonly] {\\n\\","    background: #ddd;\\n\\","}\\n\\","</style>\\n\\","</head>\\n\\","<body>\\n\\","<!-- utility2-comment\\n\\","<div id=\"ajaxProgressDiv1\" style=\"background: #d00; height: 2px; left: 0; margin: 0; padding: 0; position: fixed; top: 0; transition: background 0.5s, width 1.5s; width: 25%;\"></div>\\n\\","utility2-comment -->\\n\\","<h1>\\n\\","<!-- utility2-comment\\n\\","    <a\\n\\","        {{#if env.npm_package_homepage}}\\n\\","        href=\"{{env.npm_package_homepage}}\"\\n\\","        {{/if env.npm_package_homepage}}\\n\\","        target=\"_blank\"\\n\\","    >\\n\\","utility2-comment -->\\n\\","        {{env.npm_package_name}} (v{{env.npm_package_version}})\\n\\","<!-- utility2-comment\\n\\","    </a>\\n\\","utility2-comment -->\\n\\","</h1>\\n\\","<h3>{{env.npm_package_description}}</h3>\\n\\","<!-- utility2-comment\\n\\","<h4><a download href=\"assets.app.js\">download standalone app</a></h4>\\n\\","<button class=\"onclick onreset\" id=\"testRunButton1\">run internal test</button><br>\\n\\","<div id=\"testReportDiv1\" style=\"display: none;\"></div>\\n\\","utility2-comment -->\\n\\","\\n\\","\\n\\","\\n\\","<label>stderr and stdout</label>\\n\\","<textarea class=\"resettable\" id=\"outputTextareaStdout1\" readonly></textarea>\\n\\","<!-- utility2-comment\\n\\","{{#if isRollup}}\\n\\","<script src=\"assets.app.js\"></script>\\n\\","{{#unless isRollup}}\\n\\","utility2-comment -->\\n\\","<script src=\"assets.utility2.rollup.js\"></script>\\n\\","<script src=\"jsonp.utility2._stateInit?callback=window.utility2._stateInit\"></script>\\n\\","<script src=\"assets.npmtest_sphinxapi.rollup.js\"></script>\\n\\","<script src=\"assets.example.js\"></script>\\n\\","<script src=\"assets.test.js\"></script>\\n\\","<!-- utility2-comment\\n\\","{{/if isRollup}}\\n\\","utility2-comment -->\\n\\","<div class=\"utility2FooterDiv\">\\n\\","    [ this app was created with\\n\\","    <a href=\"https://github.com/kaizhu256/node-utility2\" target=\"_blank\">utility2</a>\\n\\","    ]\\n\\","</div>\\n\\","</body>\\n\\","</html>\\n\\","';","        /* jslint-ignore-end */","        if (local.templateRender) {","            local.assetsDict['/'] = local.templateRender(","                local.assetsDict['/assets.index.template.html'],","                {","                    env: local.objectSetDefault(local.env, {","                        npm_package_description: 'the greatest app in the world!',","                        npm_package_name: 'my-app',","                        npm_package_nameAlias: 'my_app',","                        npm_package_version: '0.0.1'","                    })","                }","            );","        } else {","            local.assetsDict['/'] = local.assetsDict['/assets.index.template.html']","                .replace((/\\{\\{env\\.(\\w+?)\\}\\}/g), function (match0, match1) {","                    // jslint-hack","                    String(match0);","                    switch (match1) {","                    case 'npm_package_description':","                        return 'the greatest app in the world!';","                    case 'npm_package_name':","                        return 'my-app';","                    case 'npm_package_nameAlias':","                        return 'my_app';","                    case 'npm_package_version':","                        return '0.0.1';","                    }","                });","        }","        // run the cli","        if (local.global.utility2_rollup || module !== require.main) {","            break;","        }","        local.assetsDict['/assets.example.js'] =","            local.assetsDict['/assets.example.js'] ||","            local.fs.readFileSync(__filename, 'utf8');","        // bug-workaround - long $npm_package_buildCustomOrg","        /* jslint-ignore-begin */","        local.assetsDict['/assets.npmtest_sphinxapi.rollup.js'] =","            local.assetsDict['/assets.npmtest_sphinxapi.rollup.js'] ||","            local.fs.readFileSync(","                local.npmtest_sphinxapi.__dirname + '/lib.npmtest_sphinxapi.js',","                'utf8'","            ).replace((/^#!/), '//');","        /* jslint-ignore-end */","        local.assetsDict['/favicon.ico'] = local.assetsDict['/favicon.ico'] || '';","        // if $npm_config_timeout_exit exists,","        // then exit this process after $npm_config_timeout_exit ms","        if (Number(process.env.npm_config_timeout_exit)) {","            setTimeout(process.exit, Number(process.env.npm_config_timeout_exit));","        }","        // start server","        if (local.global.utility2_serverHttp1) {","            break;","        }","        process.env.PORT = process.env.PORT || '8081';","        console.error('server starting on port ' + process.env.PORT);","        local.http.createServer(function (request, response) {","            request.urlParsed = local.url.parse(request.url);","            if (local.assetsDict[request.urlParsed.pathname] !== undefined) {","                response.end(local.assetsDict[request.urlParsed.pathname]);","                return;","            }","            response.statusCode = 404;","            response.end();","        }).listen(process.env.PORT);","        break;","    }","}());",""],"l":{"26":2,"28":2,"33":2,"35":2,"37":2,"38":2,"39":2,"44":1,"51":2,"55":2,"59":2,"61":2,"69":1,"70":2,"76":2,"79":2,"82":2,"83":2,"85":1,"89":2,"92":1,"93":1,"94":1,"96":1,"97":1,"100":1,"101":1,"103":1,"106":1,"108":2,"114":1,"116":1,"118":1,"123":1,"124":2,"125":2,"126":3,"127":3,"128":3,"129":3,"130":1,"133":3,"134":3,"139":3,"143":1,"144":3,"145":1,"149":1,"150":1,"158":1,"160":1,"161":1,"162":1,"164":1,"166":1,"258":1,"259":1,"271":1,"274":6,"275":6,"277":1,"279":2,"281":1,"283":2,"288":1,"289":1,"291":1,"296":1,"303":1,"306":1,"307":1,"310":1,"311":1,"313":1,"314":1,"315":1,"316":1,"317":1,"318":1,"319":1,"321":1,"322":1,"324":1}},"/home/travis/build/npmtest/node-npmtest-sphinxapi/node_modules/sphinxapi/index.js":{"path":"/home/travis/build/npmtest/node-npmtest-sphinxapi/node_modules/sphinxapi/index.js","s":{"1":1},"b":{},"f":{},"fnMap":{},"statementMap":{"1":{"start":{"line":1,"column":0},"end":{"line":1,"column":47}}},"branchMap":{},"code":["module.exports = require('./lib/sphinxapi.js');",""],"l":{"1":1}},"/home/travis/build/npmtest/node-npmtest-sphinxapi/node_modules/sphinxapi/lib/sphinxapi.js":{"path":"/home/travis/build/npmtest/node-npmtest-sphinxapi/node_modules/sphinxapi/lib/sphinxapi.js","s":{"1":1,"2":1,"3":0,"4":1,"5":0,"6":1,"7":0,"8":0,"9":0,"10":1,"11":0,"12":0,"13":0,"14":1,"15":0,"16":0,"17":0,"18":0,"19":1,"20":0,"21":1,"22":0,"23":0,"24":0,"25":0,"26":0,"27":1,"28":0,"29":0,"30":0,"31":0,"32":0,"33":0,"34":0,"35":0,"36":1,"37":0,"38":1,"39":0,"40":1,"41":0,"42":0,"43":0,"44":0,"45":0,"46":0,"47":0,"48":0,"49":0,"50":0,"51":0,"52":0,"53":0,"54":0,"55":0,"56":0,"57":0,"58":0,"59":0,"60":0,"61":0,"62":0,"63":0,"64":0,"65":0,"66":0,"67":0,"68":0,"69":0,"70":0,"71":0,"72":0,"73":0,"74":0,"75":0,"76":1,"77":0,"78":0,"79":0,"80":0,"81":0,"82":0,"83":0,"84":0,"85":0,"86":0,"87":0,"88":0,"89":0,"90":0,"91":0,"92":0,"93":0,"94":0,"95":0,"96":0,"97":0,"98":0,"99":0,"100":0,"101":0,"102":0,"103":0,"104":0,"105":0,"106":0,"107":0,"108":0,"109":0,"110":0,"111":0,"112":0,"113":0,"114":0,"115":0,"116":0,"117":0,"118":0,"119":0,"120":0,"121":0,"122":0,"123":0,"124":0,"125":0,"126":0,"127":0,"128":0,"129":0,"130":1,"131":0,"132":0,"133":1,"134":0,"135":0,"136":1,"137":0,"138":0,"139":0,"140":0,"141":0,"142":1,"143":0,"144":0,"145":0,"146":1,"147":0,"148":0,"149":0,"150":0,"151":0,"152":0,"153":0,"154":0,"155":0,"156":0,"157":0,"158":0,"159":0,"160":0,"161":0,"162":0,"163":1,"164":0,"165":0,"166":0,"167":0,"168":1,"169":0,"170":0,"171":0,"172":0,"173":0,"174":1,"175":0,"176":0,"177":0,"178":0,"179":0,"180":0,"181":1,"182":0,"183":0,"184":0,"185":0,"186":0,"187":0,"188":0,"189":0,"190":0,"191":1,"192":0,"193":0,"194":0,"195":0,"196":0,"197":1,"198":0,"199":0,"200":0,"201":0,"202":0,"203":1,"204":0,"205":0,"206":0,"207":0,"208":0,"209":1,"210":0,"211":0,"212":0,"213":0,"214":0,"215":0,"216":1,"217":0,"218":0,"219":0,"220":0,"221":0,"222":0,"223":0,"224":1,"225":0,"226":0,"227":0,"228":0,"229":0,"230":0,"231":0,"232":0,"233":1,"234":0,"235":0,"236":0,"237":0,"238":0,"239":0,"240":0,"241":0,"242":1,"243":0,"244":0,"245":0,"246":0,"247":0,"248":0,"249":0,"250":0,"251":0,"252":1,"253":0,"254":0,"255":0,"256":0,"257":0,"258":0,"259":0,"260":0,"261":0,"262":0,"263":0,"264":1,"265":0,"266":0,"267":0,"268":1,"269":0,"270":0,"271":0,"272":0,"273":0,"274":0,"275":0,"276":0,"277":0,"278":1,"279":0,"280":0,"281":0,"282":0,"283":0,"284":0,"285":1,"286":0,"287":0,"288":0,"289":1,"290":0,"291":0,"292":1,"293":0,"294":0,"295":0,"296":1,"297":0,"298":0,"299":0,"300":0,"301":0,"302":1,"303":0,"304":0,"305":0,"306":0,"307":0,"308":0,"309":0,"310":0,"311":0,"312":0,"313":0,"314":0,"315":0,"316":0,"317":0,"318":0,"319":0,"320":0,"321":0,"322":0,"323":0,"324":0,"325":0,"326":1,"327":0,"328":0,"329":0,"330":0,"331":0,"332":0,"333":0,"334":0,"335":0,"336":0,"337":0,"338":0,"339":0,"340":0,"341":0,"342":0,"343":0,"344":0,"345":0,"346":0,"347":0,"348":0,"349":0,"350":0,"351":0,"352":0,"353":0,"354":0,"355":0,"356":0,"357":0,"358":0,"359":0,"360":0,"361":0,"362":0,"363":0,"364":0,"365":0,"366":0,"367":0,"368":0,"369":0,"370":0,"371":0,"372":0,"373":0,"374":0,"375":0,"376":0,"377":0,"378":0,"379":0,"380":0,"381":0,"382":0,"383":0,"384":0,"385":0,"386":0,"387":0,"388":0,"389":0,"390":0,"391":0,"392":0,"393":0,"394":0,"395":0,"396":0,"397":0,"398":0,"399":0,"400":0,"401":0,"402":0,"403":0,"404":0,"405":0,"406":0,"407":0,"408":0,"409":0,"410":0,"411":0,"412":0,"413":1,"414":0,"415":0,"416":0,"417":0,"418":0,"419":0,"420":0,"421":0,"422":0,"423":0,"424":0,"425":0,"426":0,"427":0,"428":0,"429":0,"430":0,"431":0,"432":0,"433":0,"434":0,"435":0,"436":0,"437":0,"438":0,"439":0,"440":0,"441":0,"442":0,"443":0,"444":0,"445":0,"446":0,"447":0,"448":0,"449":0,"450":0,"451":0,"452":0,"453":0,"454":0,"455":0,"456":0,"457":0,"458":0,"459":0,"460":0,"461":0,"462":0,"463":0,"464":0,"465":0,"466":0,"467":0,"468":0,"469":0,"470":0,"471":0,"472":0,"473":0,"474":0,"475":0,"476":0,"477":0,"478":0,"479":0,"480":0,"481":0,"482":0,"483":0,"484":0,"485":0,"486":0,"487":0,"488":0,"489":0,"490":0,"491":0,"492":0,"493":0,"494":0,"495":0,"496":0,"497":0,"498":0,"499":0,"500":0,"501":0,"502":0,"503":0,"504":0,"505":0,"506":0,"507":0,"508":0,"509":0,"510":0,"511":0,"512":0,"513":0,"514":0,"515":0,"516":0,"517":0,"518":0,"519":0,"520":0,"521":0,"522":0,"523":0,"524":0,"525":0,"526":0,"527":0,"528":0,"529":0,"530":0,"531":0,"532":0,"533":0,"534":0,"535":0,"536":0,"537":0,"538":0,"539":0,"540":0,"541":0,"542":0,"543":0,"544":0,"545":0,"546":1,"547":0,"548":0,"549":0,"550":0,"551":0,"552":0,"553":0,"554":0,"555":0,"556":0,"557":0,"558":0,"559":0,"560":0,"561":0,"562":0,"563":0,"564":0,"565":0,"566":0,"567":0,"568":0,"569":0,"570":0,"571":0,"572":0,"573":0,"574":0,"575":0,"576":0,"577":0,"578":0,"579":0,"580":0,"581":0,"582":0,"583":0,"584":0,"585":0,"586":0,"587":0,"588":0,"589":0,"590":0,"591":0,"592":0,"593":0,"594":0,"595":0,"596":0,"597":0,"598":0,"599":0,"600":0,"601":0,"602":0,"603":0,"604":0,"605":0,"606":0,"607":0,"608":0,"609":0,"610":0,"611":0,"612":0,"613":0,"614":0,"615":0,"616":0,"617":0,"618":0,"619":0,"620":0,"621":0,"622":0,"623":0,"624":0,"625":0,"626":0,"627":1,"628":0,"629":0,"630":1,"631":1,"632":0,"633":0,"634":0,"635":0,"636":0,"637":0,"638":0,"639":0,"640":0,"641":0,"642":0,"643":0,"644":0,"645":0,"646":0,"647":0,"648":1,"649":1,"650":1,"651":1,"652":0,"653":0,"654":0,"655":0,"656":0,"657":0,"658":0,"659":0,"660":0,"661":0,"662":1,"663":1,"664":1,"665":1,"666":1,"667":1,"668":1,"669":1,"670":1,"671":1,"672":1,"673":1,"674":1,"675":1,"676":1,"677":1,"678":1,"679":1,"680":1,"681":1,"682":1,"683":1,"684":1,"685":1,"686":1,"687":1,"688":1,"689":1,"690":1,"691":1,"692":1,"693":1,"694":1,"695":1,"696":1,"697":1,"698":1,"699":1,"700":1,"701":1,"702":1,"703":1,"704":1,"705":1,"706":1,"707":1,"708":1,"709":1,"710":1,"711":1,"712":1,"713":1,"714":1,"715":1,"716":1,"717":1,"718":1,"719":1,"720":1,"721":1,"722":1},"b":{"1":[0,0],"2":[0,0],"3":[0,0],"4":[0,0],"5":[0,0],"6":[0,0],"7":[0,0],"8":[0,0],"9":[0,0],"10":[0,0],"11":[0,0],"12":[0,0],"13":[0,0],"14":[0,0],"15":[0,0],"16":[0,0],"17":[0,0],"18":[0,0],"19":[0,0],"20":[0,0],"21":[0,0],"22":[0,0],"23":[0,0],"24":[0,0],"25":[0,0],"26":[0,0],"27":[0,0],"28":[0,0],"29":[0,0],"30":[0,0],"31":[0,0],"32":[0,0],"33":[0,0],"34":[0,0],"35":[0,0],"36":[0,0],"37":[0,0],"38":[0,0],"39":[0,0],"40":[0,0],"41":[0,0],"42":[0,0],"43":[0,0],"44":[0,0],"45":[0,0],"46":[0,0],"47":[0,0],"48":[0,0],"49":[0,0],"50":[0,0],"51":[0,0],"52":[0,0],"53":[0,0],"54":[0,0],"55":[0,0],"56":[0,0],"57":[0,0],"58":[0,0],"59":[0,0],"60":[0,0],"61":[0,0],"62":[0,0],"63":[0,0],"64":[0,0],"65":[0,0],"66":[0,0],"67":[0,0],"68":[0,0],"69":[0,0],"70":[0,0],"71":[0,0],"72":[0,0],"73":[0,0],"74":[0,0],"75":[0,0],"76":[0,0],"77":[0,0],"78":[0,0],"79":[0,0],"80":[0,0],"81":[0,0],"82":[0,0],"83":[0,0],"84":[0,0],"85":[0,0],"86":[0,0],"87":[0,0],"88":[0,0],"89":[0,0],"90":[0,0],"91":[0,0],"92":[0,0],"93":[0,0],"94":[0,0],"95":[0,0],"96":[0,0]},"f":{"1":0,"2":0,"3":0,"4":0,"5":0,"6":0,"7":0,"8":0,"9":0,"10":0,"11":0,"12":0,"13":0,"14":0,"15":0,"16":0,"17":0,"18":0,"19":0,"20":0,"21":0,"22":0,"23":0,"24":0,"25":0,"26":0,"27":0,"28":0,"29":0,"30":0,"31":0,"32":0,"33":0,"34":0,"35":0,"36":0,"37":0,"38":0,"39":0,"40":0,"41":0,"42":0,"43":0,"44":0,"45":0,"46":0,"47":0,"48":0,"49":0,"50":0,"51":0,"52":0,"53":0,"54":0,"55":0,"56":0,"57":0,"58":0,"59":0,"60":0,"61":0,"62":0,"63":0,"64":0,"65":0,"66":0,"67":0,"68":0,"69":0,"70":0,"71":0,"72":0,"73":0},"fnMap":{"1":{"name":"packUInt64","line":27,"loc":{"start":{"line":27,"column":0},"end":{"line":27,"column":28}}},"2":{"name":"packInt64","line":31,"loc":{"start":{"line":31,"column":0},"end":{"line":31,"column":27}}},"3":{"name":"unpackUInt64","line":35,"loc":{"start":{"line":35,"column":0},"end":{"line":35,"column":30}}},"4":{"name":"unpackInt64","line":41,"loc":{"start":{"line":41,"column":0},"end":{"line":41,"column":29}}},"5":{"name":"ConcatBuffer","line":47,"loc":{"start":{"line":47,"column":0},"end":{"line":47,"column":28}}},"6":{"name":"ReduceBuffer","line":53,"loc":{"start":{"line":53,"column":0},"end":{"line":53,"column":28}}},"7":{"name":"forEach","line":57,"loc":{"start":{"line":57,"column":0},"end":{"line":57,"column":24}}},"8":{"name":"len","line":69,"loc":{"start":{"line":69,"column":0},"end":{"line":69,"column":16}}},"9":{"name":"unpack","line":84,"loc":{"start":{"line":84,"column":0},"end":{"line":84,"column":22}}},"10":{"name":"pack","line":87,"loc":{"start":{"line":87,"column":0},"end":{"line":87,"column":20}}},"11":{"name":"SphinxClient","line":96,"loc":{"start":{"line":96,"column":0},"end":{"line":96,"column":24}}},"12":{"name":"(anonymous_12)","line":141,"loc":{"start":{"line":141,"column":38},"end":{"line":141,"column":73}}},"13":{"name":"(anonymous_13)","line":145,"loc":{"start":{"line":145,"column":22},"end":{"line":145,"column":34}}},"14":{"name":"(anonymous_14)","line":148,"loc":{"start":{"line":148,"column":21},"end":{"line":148,"column":38}}},"15":{"name":"(anonymous_15)","line":162,"loc":{"start":{"line":162,"column":21},"end":{"line":162,"column":38}}},"16":{"name":"(anonymous_16)","line":215,"loc":{"start":{"line":215,"column":18},"end":{"line":215,"column":30}}},"17":{"name":"(anonymous_17)","line":219,"loc":{"start":{"line":219,"column":20},"end":{"line":219,"column":35}}},"18":{"name":"(anonymous_18)","line":226,"loc":{"start":{"line":226,"column":38},"end":{"line":226,"column":50}}},"19":{"name":"(anonymous_19)","line":230,"loc":{"start":{"line":230,"column":40},"end":{"line":230,"column":52}}},"20":{"name":"(anonymous_20)","line":239,"loc":{"start":{"line":239,"column":35},"end":{"line":239,"column":57}}},"21":{"name":"(anonymous_21)","line":246,"loc":{"start":{"line":246,"column":43},"end":{"line":246,"column":63}}},"22":{"name":"(anonymous_22)","line":251,"loc":{"start":{"line":251,"column":35},"end":{"line":251,"column":80}}},"23":{"name":"(anonymous_23)","line":273,"loc":{"start":{"line":273,"column":41},"end":{"line":273,"column":65}}},"24":{"name":"(anonymous_24)","line":279,"loc":{"start":{"line":279,"column":38},"end":{"line":279,"column":54}}},"25":{"name":"(anonymous_25)","line":282,"loc":{"start":{"line":282,"column":19},"end":{"line":282,"column":32}}},"26":{"name":"(anonymous_26)","line":285,"loc":{"start":{"line":285,"column":40},"end":{"line":285,"column":68}}},"27":{"name":"(anonymous_27)","line":294,"loc":{"start":{"line":294,"column":37},"end":{"line":294,"column":61}}},"28":{"name":"(anonymous_28)","line":300,"loc":{"start":{"line":300,"column":20},"end":{"line":300,"column":33}}},"29":{"name":"(anonymous_29)","line":305,"loc":{"start":{"line":305,"column":36},"end":{"line":305,"column":55}}},"30":{"name":"(anonymous_30)","line":308,"loc":{"start":{"line":308,"column":18},"end":{"line":308,"column":41}}},"31":{"name":"(anonymous_31)","line":313,"loc":{"start":{"line":313,"column":41},"end":{"line":313,"column":60}}},"32":{"name":"(anonymous_32)","line":316,"loc":{"start":{"line":316,"column":18},"end":{"line":316,"column":41}}},"33":{"name":"(anonymous_33)","line":321,"loc":{"start":{"line":321,"column":41},"end":{"line":321,"column":60}}},"34":{"name":"(anonymous_34)","line":324,"loc":{"start":{"line":324,"column":18},"end":{"line":324,"column":41}}},"35":{"name":"(anonymous_35)","line":329,"loc":{"start":{"line":329,"column":36},"end":{"line":329,"column":60}}},"36":{"name":"(anonymous_36)","line":337,"loc":{"start":{"line":337,"column":35},"end":{"line":337,"column":73}}},"37":{"name":"(anonymous_37)","line":343,"loc":{"start":{"line":343,"column":17},"end":{"line":343,"column":40}}},"38":{"name":"(anonymous_38)","line":353,"loc":{"start":{"line":353,"column":40},"end":{"line":353,"column":82}}},"39":{"name":"(anonymous_39)","line":372,"loc":{"start":{"line":372,"column":45},"end":{"line":372,"column":87}}},"40":{"name":"(anonymous_40)","line":391,"loc":{"start":{"line":391,"column":38},"end":{"line":391,"column":88}}},"41":{"name":"(anonymous_41)","line":402,"loc":{"start":{"line":402,"column":36},"end":{"line":402,"column":75}}},"42":{"name":"(anonymous_42)","line":408,"loc":{"start":{"line":408,"column":19},"end":{"line":408,"column":32}}},"43":{"name":"(anonymous_43)","line":413,"loc":{"start":{"line":413,"column":42},"end":{"line":413,"column":63}}},"44":{"name":"(anonymous_44)","line":418,"loc":{"start":{"line":418,"column":36},"end":{"line":418,"column":60}}},"45":{"name":"(anonymous_45)","line":428,"loc":{"start":{"line":428,"column":37},"end":{"line":428,"column":67}}},"46":{"name":"(anonymous_46)","line":431,"loc":{"start":{"line":431,"column":41},"end":{"line":431,"column":54}}},"47":{"name":"(anonymous_47)","line":439,"loc":{"start":{"line":439,"column":35},"end":{"line":439,"column":53}}},"48":{"name":"(anonymous_48)","line":444,"loc":{"start":{"line":444,"column":40},"end":{"line":444,"column":52}}},"49":{"name":"(anonymous_49)","line":448,"loc":{"start":{"line":448,"column":38},"end":{"line":448,"column":50}}},"50":{"name":"(anonymous_50)","line":453,"loc":{"start":{"line":453,"column":38},"end":{"line":453,"column":50}}},"51":{"name":"(anonymous_51)","line":465,"loc":{"start":{"line":465,"column":31},"end":{"line":465,"column":68}}},"52":{"name":"(anonymous_52)","line":478,"loc":{"start":{"line":478,"column":17},"end":{"line":478,"column":41}}},"53":{"name":"(anonymous_53)","line":504,"loc":{"start":{"line":504,"column":34},"end":{"line":504,"column":67}}},"54":{"name":"(anonymous_54)","line":524,"loc":{"start":{"line":524,"column":24},"end":{"line":524,"column":47}}},"55":{"name":"(anonymous_55)","line":538,"loc":{"start":{"line":538,"column":24},"end":{"line":538,"column":44}}},"56":{"name":"(anonymous_56)","line":545,"loc":{"start":{"line":545,"column":22},"end":{"line":545,"column":44}}},"57":{"name":"(anonymous_57)","line":586,"loc":{"start":{"line":586,"column":29},"end":{"line":586,"column":54}}},"58":{"name":"(anonymous_58)","line":597,"loc":{"start":{"line":597,"column":29},"end":{"line":597,"column":54}}},"59":{"name":"(anonymous_59)","line":610,"loc":{"start":{"line":610,"column":26},"end":{"line":610,"column":46}}},"60":{"name":"(anonymous_60)","line":614,"loc":{"start":{"line":614,"column":24},"end":{"line":614,"column":45}}},"61":{"name":"(anonymous_61)","line":647,"loc":{"start":{"line":647,"column":36},"end":{"line":647,"column":50}}},"62":{"name":"(anonymous_62)","line":663,"loc":{"start":{"line":663,"column":61},"end":{"line":663,"column":86}}},"63":{"name":"(anonymous_63)","line":831,"loc":{"start":{"line":831,"column":39},"end":{"line":831,"column":79}}},"64":{"name":"(anonymous_64)","line":901,"loc":{"start":{"line":901,"column":62},"end":{"line":901,"column":87}}},"65":{"name":"(anonymous_65)","line":919,"loc":{"start":{"line":919,"column":42},"end":{"line":919,"column":79}}},"66":{"name":"(anonymous_66)","line":922,"loc":{"start":{"line":922,"column":39},"end":{"line":922,"column":70}}},"67":{"name":"(anonymous_67)","line":930,"loc":{"start":{"line":930,"column":32},"end":{"line":930,"column":46}}},"68":{"name":"(anonymous_68)","line":934,"loc":{"start":{"line":934,"column":61},"end":{"line":934,"column":86}}},"69":{"name":"(anonymous_69)","line":949,"loc":{"start":{"line":949,"column":30},"end":{"line":949,"column":44}}},"70":{"name":"(anonymous_70)","line":957,"loc":{"start":{"line":957,"column":31},"end":{"line":957,"column":43}}},"71":{"name":"(anonymous_71)","line":959,"loc":{"start":{"line":959,"column":38},"end":{"line":959,"column":56}}},"72":{"name":"(anonymous_72)","line":964,"loc":{"start":{"line":964,"column":41},"end":{"line":964,"column":55}}},"73":{"name":"(anonymous_73)","line":967,"loc":{"start":{"line":967,"column":65},"end":{"line":967,"column":90}}}},"statementMap":{"1":{"start":{"line":11,"column":0},"end":{"line":19,"column":1}},"2":{"start":{"line":27,"column":0},"end":{"line":29,"column":1}},"3":{"start":{"line":28,"column":2},"end":{"line":28,"column":40}},"4":{"start":{"line":31,"column":0},"end":{"line":33,"column":1}},"5":{"start":{"line":32,"column":2},"end":{"line":32,"column":40}},"6":{"start":{"line":35,"column":0},"end":{"line":39,"column":1}},"7":{"start":{"line":36,"column":2},"end":{"line":36,"column":35}},"8":{"start":{"line":37,"column":2},"end":{"line":37,"column":34}},"9":{"start":{"line":38,"column":2},"end":{"line":38,"column":28}},"10":{"start":{"line":41,"column":0},"end":{"line":45,"column":1}},"11":{"start":{"line":42,"column":2},"end":{"line":42,"column":34}},"12":{"start":{"line":43,"column":2},"end":{"line":43,"column":33}},"13":{"start":{"line":44,"column":2},"end":{"line":44,"column":12}},"14":{"start":{"line":47,"column":0},"end":{"line":52,"column":1}},"15":{"start":{"line":48,"column":1},"end":{"line":48,"column":40}},"16":{"start":{"line":49,"column":1},"end":{"line":49,"column":16}},"17":{"start":{"line":50,"column":1},"end":{"line":50,"column":23}},"18":{"start":{"line":51,"column":1},"end":{"line":51,"column":9}},"19":{"start":{"line":53,"column":0},"end":{"line":55,"column":1}},"20":{"start":{"line":54,"column":1},"end":{"line":54,"column":64}},"21":{"start":{"line":57,"column":0},"end":{"line":68,"column":1}},"22":{"start":{"line":58,"column":1},"end":{"line":67,"column":2}},"23":{"start":{"line":59,"column":2},"end":{"line":59,"column":23}},"24":{"start":{"line":62,"column":2},"end":{"line":66,"column":3}},"25":{"start":{"line":63,"column":3},"end":{"line":65,"column":4}},"26":{"start":{"line":64,"column":4},"end":{"line":64,"column":19}},"27":{"start":{"line":69,"column":0},"end":{"line":83,"column":1}},"28":{"start":{"line":70,"column":1},"end":{"line":82,"column":2}},"29":{"start":{"line":71,"column":2},"end":{"line":71,"column":18}},"30":{"start":{"line":73,"column":6},"end":{"line":82,"column":2}},"31":{"start":{"line":74,"column":2},"end":{"line":74,"column":29}},"32":{"start":{"line":77,"column":2},"end":{"line":77,"column":15}},"33":{"start":{"line":78,"column":2},"end":{"line":80,"column":3}},"34":{"start":{"line":79,"column":3},"end":{"line":79,"column":38}},"35":{"start":{"line":81,"column":2},"end":{"line":81,"column":11}},"36":{"start":{"line":84,"column":0},"end":{"line":86,"column":1}},"37":{"start":{"line":85,"column":1},"end":{"line":85,"column":24}},"38":{"start":{"line":87,"column":0},"end":{"line":89,"column":1}},"39":{"start":{"line":88,"column":1},"end":{"line":88,"column":22}},"40":{"start":{"line":96,"column":0},"end":{"line":135,"column":1}},"41":{"start":{"line":97,"column":1},"end":{"line":99,"column":2}},"42":{"start":{"line":98,"column":2},"end":{"line":98,"column":27}},"43":{"start":{"line":101,"column":1},"end":{"line":101,"column":27}},"44":{"start":{"line":102,"column":1},"end":{"line":102,"column":20}},"45":{"start":{"line":103,"column":1},"end":{"line":103,"column":20}},"46":{"start":{"line":104,"column":1},"end":{"line":104,"column":21}},"47":{"start":{"line":105,"column":1},"end":{"line":105,"column":18}},"48":{"start":{"line":106,"column":1},"end":{"line":106,"column":19}},"49":{"start":{"line":107,"column":1},"end":{"line":107,"column":42}},"50":{"start":{"line":108,"column":1},"end":{"line":108,"column":20}},"51":{"start":{"line":109,"column":1},"end":{"line":109,"column":47}},"52":{"start":{"line":110,"column":1},"end":{"line":110,"column":19}},"53":{"start":{"line":111,"column":1},"end":{"line":111,"column":18}},"54":{"start":{"line":112,"column":1},"end":{"line":112,"column":18}},"55":{"start":{"line":113,"column":1},"end":{"line":113,"column":20}},"56":{"start":{"line":114,"column":1},"end":{"line":114,"column":20}},"57":{"start":{"line":115,"column":1},"end":{"line":115,"column":48}},"58":{"start":{"line":116,"column":1},"end":{"line":116,"column":33}},"59":{"start":{"line":117,"column":1},"end":{"line":117,"column":25}},"60":{"start":{"line":118,"column":1},"end":{"line":118,"column":24}},"61":{"start":{"line":119,"column":1},"end":{"line":119,"column":18}},"62":{"start":{"line":120,"column":1},"end":{"line":120,"column":21}},"63":{"start":{"line":121,"column":1},"end":{"line":121,"column":21}},"64":{"start":{"line":122,"column":1},"end":{"line":122,"column":19}},"65":{"start":{"line":123,"column":1},"end":{"line":123,"column":24}},"66":{"start":{"line":124,"column":1},"end":{"line":124,"column":53}},"67":{"start":{"line":125,"column":1},"end":{"line":125,"column":21}},"68":{"start":{"line":126,"column":1},"end":{"line":126,"column":23}},"69":{"start":{"line":127,"column":1},"end":{"line":127,"column":21}},"70":{"start":{"line":128,"column":1},"end":{"line":128,"column":24}},"71":{"start":{"line":129,"column":1},"end":{"line":129,"column":22}},"72":{"start":{"line":130,"column":1},"end":{"line":130,"column":20}},"73":{"start":{"line":132,"column":1},"end":{"line":132,"column":19}},"74":{"start":{"line":133,"column":1},"end":{"line":133,"column":20}},"75":{"start":{"line":134,"column":1},"end":{"line":134,"column":18}},"76":{"start":{"line":141,"column":0},"end":{"line":224,"column":2}},"77":{"start":{"line":142,"column":2},"end":{"line":142,"column":17}},"78":{"start":{"line":143,"column":1},"end":{"line":143,"column":56}},"79":{"start":{"line":144,"column":1},"end":{"line":144,"column":49}},"80":{"start":{"line":145,"column":1},"end":{"line":147,"column":4}},"81":{"start":{"line":146,"column":3},"end":{"line":146,"column":26}},"82":{"start":{"line":148,"column":1},"end":{"line":214,"column":4}},"83":{"start":{"line":149,"column":3},"end":{"line":149,"column":20}},"84":{"start":{"line":151,"column":3},"end":{"line":151,"column":37}},"85":{"start":{"line":152,"column":3},"end":{"line":152,"column":29}},"86":{"start":{"line":153,"column":3},"end":{"line":160,"column":4}},"87":{"start":{"line":154,"column":4},"end":{"line":154,"column":79}},"88":{"start":{"line":155,"column":10},"end":{"line":160,"column":4}},"89":{"start":{"line":156,"column":4},"end":{"line":156,"column":74}},"90":{"start":{"line":159,"column":4},"end":{"line":159,"column":47}},"91":{"start":{"line":161,"column":3},"end":{"line":161,"column":39}},"92":{"start":{"line":162,"column":3},"end":{"line":209,"column":8}},"93":{"start":{"line":163,"column":5},"end":{"line":176,"column":6}},"94":{"start":{"line":164,"column":6},"end":{"line":164,"column":42}},"95":{"start":{"line":165,"column":6},"end":{"line":165,"column":38}},"96":{"start":{"line":166,"column":6},"end":{"line":166,"column":34}},"97":{"start":{"line":167,"column":6},"end":{"line":167,"column":27}},"98":{"start":{"line":168,"column":6},"end":{"line":168,"column":27}},"99":{"start":{"line":169,"column":6},"end":{"line":169,"column":27}},"100":{"start":{"line":170,"column":6},"end":{"line":170,"column":30}},"101":{"start":{"line":171,"column":6},"end":{"line":171,"column":70}},"102":{"start":{"line":174,"column":6},"end":{"line":174,"column":52}},"103":{"start":{"line":175,"column":6},"end":{"line":175,"column":44}},"104":{"start":{"line":177,"column":5},"end":{"line":207,"column":6}},"105":{"start":{"line":178,"column":6},"end":{"line":178,"column":20}},"106":{"start":{"line":179,"column":6},"end":{"line":179,"column":63}},"107":{"start":{"line":181,"column":6},"end":{"line":197,"column":7}},"108":{"start":{"line":182,"column":7},"end":{"line":182,"column":43}},"109":{"start":{"line":183,"column":7},"end":{"line":183,"column":40}},"110":{"start":{"line":186,"column":11},"end":{"line":197,"column":7}},"111":{"start":{"line":187,"column":7},"end":{"line":187,"column":71}},"112":{"start":{"line":188,"column":7},"end":{"line":188,"column":22}},"113":{"start":{"line":190,"column":11},"end":{"line":197,"column":7}},"114":{"start":{"line":191,"column":7},"end":{"line":191,"column":81}},"115":{"start":{"line":192,"column":7},"end":{"line":192,"column":22}},"116":{"start":{"line":194,"column":11},"end":{"line":197,"column":7}},"117":{"start":{"line":195,"column":7},"end":{"line":195,"column":54}},"118":{"start":{"line":196,"column":7},"end":{"line":196,"column":22}},"119":{"start":{"line":199,"column":6},"end":{"line":203,"column":7}},"120":{"start":{"line":200,"column":7},"end":{"line":201,"column":65}},"121":{"start":{"line":205,"column":6},"end":{"line":205,"column":18}},"122":{"start":{"line":206,"column":6},"end":{"line":206,"column":22}},"123":{"start":{"line":210,"column":3},"end":{"line":210,"column":55}},"124":{"start":{"line":212,"column":3},"end":{"line":212,"column":25}},"125":{"start":{"line":215,"column":1},"end":{"line":218,"column":4}},"126":{"start":{"line":216,"column":3},"end":{"line":216,"column":30}},"127":{"start":{"line":219,"column":1},"end":{"line":222,"column":4}},"128":{"start":{"line":220,"column":3},"end":{"line":220,"column":43}},"129":{"start":{"line":223,"column":1},"end":{"line":223,"column":28}},"130":{"start":{"line":226,"column":0},"end":{"line":229,"column":2}},"131":{"start":{"line":227,"column":2},"end":{"line":227,"column":17}},"132":{"start":{"line":228,"column":1},"end":{"line":228,"column":19}},"133":{"start":{"line":230,"column":0},"end":{"line":233,"column":2}},"134":{"start":{"line":231,"column":2},"end":{"line":231,"column":17}},"135":{"start":{"line":232,"column":1},"end":{"line":232,"column":21}},"136":{"start":{"line":239,"column":0},"end":{"line":245,"column":2}},"137":{"start":{"line":240,"column":2},"end":{"line":240,"column":17}},"138":{"start":{"line":241,"column":1},"end":{"line":241,"column":36}},"139":{"start":{"line":242,"column":1},"end":{"line":242,"column":36}},"140":{"start":{"line":243,"column":1},"end":{"line":243,"column":19}},"141":{"start":{"line":244,"column":1},"end":{"line":244,"column":19}},"142":{"start":{"line":246,"column":0},"end":{"line":250,"column":2}},"143":{"start":{"line":247,"column":2},"end":{"line":247,"column":17}},"144":{"start":{"line":248,"column":1},"end":{"line":248,"column":39}},"145":{"start":{"line":249,"column":1},"end":{"line":249,"column":42}},"146":{"start":{"line":251,"column":0},"end":{"line":272,"column":2}},"147":{"start":{"line":252,"column":2},"end":{"line":252,"column":17}},"148":{"start":{"line":253,"column":1},"end":{"line":253,"column":38}},"149":{"start":{"line":254,"column":1},"end":{"line":254,"column":37}},"150":{"start":{"line":255,"column":1},"end":{"line":255,"column":31}},"151":{"start":{"line":256,"column":1},"end":{"line":256,"column":30}},"152":{"start":{"line":257,"column":1},"end":{"line":259,"column":2}},"153":{"start":{"line":258,"column":2},"end":{"line":258,"column":16}},"154":{"start":{"line":260,"column":1},"end":{"line":262,"column":2}},"155":{"start":{"line":261,"column":2},"end":{"line":261,"column":12}},"156":{"start":{"line":263,"column":1},"end":{"line":263,"column":24}},"157":{"start":{"line":264,"column":1},"end":{"line":264,"column":22}},"158":{"start":{"line":265,"column":1},"end":{"line":265,"column":20}},"159":{"start":{"line":266,"column":1},"end":{"line":268,"column":2}},"160":{"start":{"line":267,"column":2},"end":{"line":267,"column":31}},"161":{"start":{"line":269,"column":1},"end":{"line":271,"column":2}},"162":{"start":{"line":270,"column":2},"end":{"line":270,"column":23}},"163":{"start":{"line":273,"column":0},"end":{"line":278,"column":2}},"164":{"start":{"line":274,"column":2},"end":{"line":274,"column":17}},"165":{"start":{"line":275,"column":1},"end":{"line":275,"column":44}},"166":{"start":{"line":276,"column":1},"end":{"line":276,"column":25}},"167":{"start":{"line":277,"column":1},"end":{"line":277,"column":34}},"168":{"start":{"line":279,"column":0},"end":{"line":284,"column":2}},"169":{"start":{"line":280,"column":2},"end":{"line":280,"column":17}},"170":{"start":{"line":281,"column":1},"end":{"line":281,"column":232}},"171":{"start":{"line":282,"column":1},"end":{"line":282,"column":57}},"172":{"start":{"line":282,"column":34},"end":{"line":282,"column":54}},"173":{"start":{"line":283,"column":1},"end":{"line":283,"column":18}},"174":{"start":{"line":285,"column":0},"end":{"line":293,"column":2}},"175":{"start":{"line":286,"column":2},"end":{"line":286,"column":17}},"176":{"start":{"line":287,"column":2},"end":{"line":289,"column":3}},"177":{"start":{"line":288,"column":4},"end":{"line":288,"column":17}},"178":{"start":{"line":290,"column":1},"end":{"line":290,"column":60}},"179":{"start":{"line":291,"column":1},"end":{"line":291,"column":22}},"180":{"start":{"line":292,"column":1},"end":{"line":292,"column":26}},"181":{"start":{"line":294,"column":0},"end":{"line":304,"column":2}},"182":{"start":{"line":295,"column":2},"end":{"line":295,"column":17}},"183":{"start":{"line":296,"column":2},"end":{"line":296,"column":209}},"184":{"start":{"line":297,"column":2},"end":{"line":299,"column":3}},"185":{"start":{"line":298,"column":4},"end":{"line":298,"column":15}},"186":{"start":{"line":300,"column":2},"end":{"line":300,"column":58}},"187":{"start":{"line":300,"column":35},"end":{"line":300,"column":55}},"188":{"start":{"line":301,"column":1},"end":{"line":301,"column":38}},"189":{"start":{"line":302,"column":2},"end":{"line":302,"column":19}},"190":{"start":{"line":303,"column":2},"end":{"line":303,"column":23}},"191":{"start":{"line":305,"column":0},"end":{"line":312,"column":2}},"192":{"start":{"line":306,"column":2},"end":{"line":306,"column":17}},"193":{"start":{"line":307,"column":1},"end":{"line":307,"column":31}},"194":{"start":{"line":308,"column":1},"end":{"line":310,"column":3}},"195":{"start":{"line":309,"column":3},"end":{"line":309,"column":38}},"196":{"start":{"line":311,"column":1},"end":{"line":311,"column":24}},"197":{"start":{"line":313,"column":0},"end":{"line":320,"column":2}},"198":{"start":{"line":314,"column":2},"end":{"line":314,"column":17}},"199":{"start":{"line":315,"column":1},"end":{"line":315,"column":39}},"200":{"start":{"line"
[...]
\t\t\tresult['matches'] = []","\t\t\twhile (count>0 && p<max_) {","\t\t\t\tvar doc, weight","\t\t\t\tcount -= 1","        if (id64) {","          // doc = Number(unpack('>q', response.slice(p, p + 8)))","          doc = Number(unpackUInt64(response.slice(p, p + 8)))","          server_say('>q',doc)","\t\t\t\t\tp += 8","          weight = Number(unpack('>L', response.slice(p, p + 4)))","\t\t\t\t\tp += 4","\t\t\t\t}","\t\t\t\telse {","\t\t\t\t\tdoc = Number(unpack('>L', response.slice(p, p + 4)))","\t\t\t\t\tp += 4","          weight = Number(unpack('>L', response.slice(p, p + 4)))","\t\t\t\t\tp += 4","\t\t\t\t}","","\t\t\t\tvar match = { 'id':doc, 'weight':weight, 'attrs':{} }","\t\t\t\tfor (var j = 0;  j < result['attrs'].length; j++) {","\t\t\t\t\tvar attr0 = attrs[j][0]","\t\t\t\t\tif (attrs[j][1] == SphinxClient.SPH_ATTR_FLOAT) {","\t\t\t\t\t\tmatch['attrs'][attr0] = Number(unpack('>f', response.slice(p, p + 4)))","\t\t\t\t\t}","\t\t\t\t\telse if (attrs[j][1] == SphinxClient.SPH_ATTR_BIGINT) {","            //            match['attrs'][attr0] = Number(unpack('>q', response.slice(p, p + 8)))","            match['attrs'][attr0] = Number(unpackUInt64(response.slice(p, p + 8)))","\t\t\t\t\t\tp += 4","\t\t\t\t\t}","\t\t\t\t\telse if (attrs[j][1] == SphinxClient.SPH_ATTR_STRING) {","\t\t\t\t\t\tvar slen = Number(unpack('>L', response.slice(p, p + 4)))","\t\t\t\t\t\tp += 4","\t\t\t\t\t\tmatch['attrs'][attr0] = ''","\t\t\t\t\t\tif (slen>0) {","\t\t\t\t\t\t\tmatch['attrs'][attr0] = response.slice(p, p + slen).toString()","\t\t\t\t\t\t}","\t\t\t\t\t\tp += slen-4","\t\t\t\t\t}","\t\t\t\t\telse if (attrs[j][1] == SphinxClient.SPH_ATTR_MULTI) {","\t\t\t\t\t\tmatch['attrs'][attr0] = []","            var nvals = Number(unpack('>L', response.slice(p, p + 4)))","            p += 4","\t\t\t\t\t\tfor (var n = 0; n < nvals; n++) {","\t\t\t\t\t\t\tmatch['attrs'][attr0].push(Number(unpack('>L', response.slice(p, p + 4))))","\t\t\t\t\t\t\tp += 4","\t\t\t\t\t\t}","            p -= 4","\t\t\t\t\t}","\t\t\t\t\telse if (attrs[j][1] == SphinxClient.SPH_ATTR_MULTI64) {","\t\t\t\t\t\tmatch['attrs'][attr0] = []","\t\t\t\t\t\tnvals = Number(unpack('>L', response.slice(p, p + 4)))","\t\t\t\t\t\tnvals = nvals/2","\t\t\t\t\t\tp += 4","\t\t\t\t\t\tfor (var n = 0; n < nvals; n++) {","              //              match['attrs'][attr0].push(Number(unpack('>q', response.slice(p, p + 8))))","              match['attrs'][attr0].push(Number(unpackUInt64(response.slice(p, p + 8))))","\t\t\t\t\t\t\tp += 8","\t\t\t\t\t\t}","            p -= 4","\t\t\t\t\t}","\t\t\t\t\telse {","\t\t\t\t\t\tmatch['attrs'][attr0] = Number(unpack('>L', response.slice(p, p + 4)))","\t\t\t\t\t}","\t\t\t\t\tp += 4","\t\t\t\t}","\t\t\t\tresult['matches'].push( match )","\t\t\t}","\t\t\tresult['total'] = Number(unpack('>L', response.slice(p, p + 4)))","\t\t\tp += 4","\t\t\tresult['total_found'] = Number(unpack('>L', response.slice(p, p + 4)))","\t\t\tp += 4","\t\t\tresult['time'] = Number(unpack('>L', response.slice(p, p + 4)))","\t\t\tp += 4","\t\t\tvar words = Number(unpack('>L', response.slice(p, p + 4)))","\t\t\tp += 4","","\t\t\tresult['time'] = (result['time']/1000.0)","","\t\t\tresult['words'] = []","\t\t\twhile (words>0) {","\t\t\t\twords -= 1","\t\t\t\tvar length = Number(unpack('>L', response.slice(p, p + 4)))","\t\t\t\tp += 4","\t\t\t\tvar word = response.slice(p, p + length).toString()","\t\t\t\tp += length","\t\t\t\tvar docs = Number(unpack('>L', response.slice(p, p + 4)))","\t\t\t\tp += 4","\t\t\t\tvar hits = Number(unpack('>L', response.slice(p, p + 4)))","\t\t\t\tp += 4","","\t\t\t\tresult['words'].push({'word':word, 'docs':docs, 'hits':hits})","\t\t\t}","\t\t}","","\t\tfn(err, results)","\t})","","    this._reqs = []","};","SphinxClient.prototype.BuildExcerpts = function (docs, index, words, opts, cb) {","\tassert.equal(Array.isArray(docs), true);","\tassert.equal(typeof index, 'string');","\tassert.equal(typeof words, 'string');","\tif (opts) {","\t\tassert.equal(typeof opts, 'object');","\t} else {","\t\topts = {};","\t}","","\topts.before_match         = typeof opts.before_match !== 'undefined'         ? opts.before_match         : \"<b>\";","\topts.after_match          = typeof opts.after_match !== 'undefined'          ? opts.after_match          : \"</b>\";","\topts.chunk_separator      = typeof opts.chunk_separator !== 'undefined'      ? opts.chunk_separator      : \" ... \";","\topts.limit                = typeof opts.limit !== 'undefined'                ? opts.limit                : 256;","\topts.limit_passages       = typeof opts.limit_passages !== 'undefined'       ? opts.limit_passages       : 0;","\topts.limit_words          = typeof opts.limit_words !== 'undefined'          ? opts.limit_words          : 0;","\topts.around               = typeof opts.around !== 'undefined'               ? opts.around               : 5;","\topts.exact_phrase         = typeof opts.exact_phrase !== 'undefined'         ? opts.exact_phrase         : false;","\topts.single_passage       = typeof opts.single_passage !== 'undefined'       ? opts.single_passage       : false;","\topts.use_boundaries       = typeof opts.use_boundaries !== 'undefined'       ? opts.use_boundaries       : false;","\topts.weight_order         = typeof opts.weight_order !== 'undefined'         ? opts.weight_order         : false;","\topts.query_mode           = typeof opts.query_mode !== 'undefined'           ? opts.query_mode           : false;","\topts.force_all_words      = typeof opts.force_all_words !== 'undefined'      ? opts.force_all_words      : false;","\topts.start_passage_id     = typeof opts.start_passage_id !== 'undefined'     ? opts.start_passage_id     : 1;","\topts.load_files           = typeof opts.load_files !== 'undefined'           ? opts.load_files           : false;","\topts.html_strip_mode      = typeof opts.html_strip_mode !== 'undefined'      ? opts.html_strip_mode      : \"index\";","\topts.allow_empty          = typeof opts.allow_empty !== 'undefined'          ? opts.allow_empty          : false;","\topts.passage_boundary     = typeof opts.passage_boundary !== 'undefined'     ? opts.passage_boundary     : \"none\";","\topts.emit_zones           = typeof opts.emit_zones !== 'undefined'           ? opts.emit_zones           : false;","\topts.load_files_scattered = typeof opts.load_files_scattered !== 'undefined' ? opts.load_files_scattered : false;","","\tvar flags = 1; // remove spaces","\tif (opts.exact_phrase) flags = flags | 2;","\tif (opts.single_passage) flags = flags | 4;","\tif (opts.use_boundaries) flags = flags | 8;","\tif (opts.weight_order) flags = flags | 16;","\tif (opts.query_mode) flags = flags | 32;","\tif (opts.force_all_words) flags = flags | 64;","\tif (opts.load_files) flags = flags | 128;","\tif (opts.allow_empty) flags = flags | 256;","\tif (opts.emit_zones) flags = flags | 512;","\tif (opts.load_files_scattered) flags = flags | 1024;","","\tvar req = [];","","\treq.push(pack('>LL', [ 0, flags ]));","\treq.push(pack('>L', [len(index)]), index);","\treq.push(pack('>L', [len(words)]), words);","","\treq.push(pack('>L', [len(opts.before_match)]), opts.before_match);","\treq.push(pack('>L', [len(opts.after_match)]), opts.after_match);","\treq.push(pack('>L', [len(opts.chunk_separator)]), opts.chunk_separator);","\treq.push(pack('>LL', [opts.limit, opts.around]));","\treq.push(pack('>LLL', [opts.limit_passages, opts.limit_words, opts.start_passage_id]));","\treq.push(pack('>L', [len(opts.html_strip_mode)]), opts.html_strip_mode);","\treq.push(pack('>L', [len(opts.passage_boundary)]), opts.passage_boundary);","\treq.push(pack('>L', [docs.length]));","","\tfor (var i = 0, l = docs.length; i < l; i++) {","\t\tvar doc = docs[i];","\t\tassert.equal(typeof doc, 'string');","\t\treq.push(pack('>L', [len(doc)]), doc);","\t}","","\tvar reqData = req.reduce(ReduceBuffer, new Buffer(''));","\tvar length = reqData.length;","","\tdebug('Build excerpts request:', reqData.toString());","","\tvar request = ConcatBuffer(pack('>HHL', [SphinxClient.SEARCHD_COMMAND_EXCERPT, SphinxClient.VER_COMMAND_EXCERPT, length]), reqData);","\tthis._SendRequest(SphinxClient.VER_COMMAND_EXCERPT, request, function (err, response) {","\t\tif (err) {","\t\t\treturn cb(err, null);","\t\t}","\t\tvar results = [], p = 0, rlen = response.length;","\t\tfor (var i = 0, l = docs.length; i < l; i++) {","\t\t\tvar len = unpack('>L', response.slice(p, p + 4))[0];","\t\t\tp += 4;","\t\t\tif (p + len > rlen) {","\t\t\t\treturn cb(new Error('Incomplete reply from searchd'), null);","\t\t\t}","\t\t\tresults.push(len ? response.slice(p, p + len).toString('utf8') : '');","\t\t\tp += len;","\t\t}","\t\tcb(null, results);","\t\treturn null;","\t});","};","SphinxClient.prototype.UpdateAttributes = function (index, attrs, values, mva) {","\tif (mva === undefined) mva = false;","};","SphinxClient.prototype.BuildKeywords = function (query, index, hits ) {","};","","/**","* Get the status","*","* @api public","*/","SphinxClient.prototype.Status = function (fn) {","  var self = this","\tclient_say('>2HLL', [SphinxClient.SEARCHD_COMMAND_STATUS, SphinxClient.VER_COMMAND_STATUS, 4, 1]);","\tvar request = pack( '>2HLL', [SphinxClient.SEARCHD_COMMAND_STATUS, SphinxClient.VER_COMMAND_STATUS, 4, 1])","\tself._SendRequest(SphinxClient.VER_COMMAND_STATUS, request, function (err, response) {","\t\tvar result = {}, p = 8;","\t\tif (!err) while (p < response.length) {","\t\t\tvar length, k, v;","\t\t\tlength = Number(unpack('>L', response.slice(p, p + 4)))","\t\t\tk = response.slice(p + 4, p + length + 4)","\t\t\tp += 4 + length","\t\t\tlength = Number(unpack('>L', response.slice(p, p + 4)))","\t\t\tv = response.slice(p + 4, p + length + 4)","\t\t\tp += 4 + length","\t\t\tresult[k] = v.toString()","\t\t}","\t\tfn(err, result);","\t})","};","SphinxClient.prototype.Open = function (fn) {","//  var self = this","// command, command version = 0, body length = 4, body = 1","//        var request = pack ( '>hhII', [SphinxClient.SEARCHD_COMMAND_PERSIST, 0, 4, 1] )","//        self._SendRequest(null, request, function (err, response) {","//                fn(err, null)","//        })","};","SphinxClient.prototype.Close = function () {","};","SphinxClient.prototype.EscapeString = function (string) {","//    return re.sub(r\"([=\\(\\)|\\-!@~\\\"&/\\\\\\^\\$\\=])\", r\"\\\\\\1\", string)","","","};","SphinxClient.prototype.FlushAttributes = function (fn) {","  var self = this","\tvar request = pack ( '>hhI', [SphinxClient.SEARCHD_COMMAND_FLUSHATTRS, SphinxClient.VER_COMMAND_FLUSHATTRS, 0] )","\tself._SendRequest(SphinxClient.VER_COMMAND_FLUSHATTRS, request, function (err, response) {","\t\tif (err) {","\t\t\treturn fn(err, null)","\t\t}","\t\tif (response.length != 4) {","\t\t\tself._error = 'unexpected response length'","\t\t\treturn fn(err, null)","\t\t}","\t\tvar tag = Number(unpack('>L', response.slice(0, 4)))","\t\treturn fn(err, tag)","\t})","};","","","// known searchd commands","SphinxClient.SEARCHD_COMMAND_SEARCH\t\t= 0","SphinxClient.SEARCHD_COMMAND_EXCERPT\t\t= 1","SphinxClient.SEARCHD_COMMAND_UPDATE\t\t= 2","SphinxClient.SEARCHD_COMMAND_KEYWORDS\t= 3","SphinxClient.SEARCHD_COMMAND_PERSIST\t\t= 4","SphinxClient.SEARCHD_COMMAND_STATUS\t\t= 5","SphinxClient.SEARCHD_COMMAND_FLUSHATTRS\t= 7","","// current client-side command implementation versions","SphinxClient.VER_COMMAND_SEARCH\t\t= 0x119","SphinxClient.VER_COMMAND_EXCERPT\t= 0x104","SphinxClient.VER_COMMAND_UPDATE\t\t= 0x102","SphinxClient.VER_COMMAND_KEYWORDS\t= 0x100","SphinxClient.VER_COMMAND_STATUS\t\t= 0x100","SphinxClient.VER_COMMAND_FLUSHATTRS\t= 0x100","","// known searchd status codes","SphinxClient.SEARCHD_OK\t\t\t\t= 0","SphinxClient.SEARCHD_ERROR\t\t\t= 1","SphinxClient.SEARCHD_RETRY\t\t\t= 2","SphinxClient.SEARCHD_WARNING\t\t= 3","","// known match modes","SphinxClient.SPH_MATCH_ALL\t\t\t= 0","SphinxClient.SPH_MATCH_ANY\t\t\t= 1","SphinxClient.SPH_MATCH_PHRASE\t\t= 2","SphinxClient.SPH_MATCH_BOOLEAN\t\t= 3","SphinxClient.SPH_MATCH_EXTENDED\t\t= 4","SphinxClient.SPH_MATCH_FULLSCAN\t\t= 5","SphinxClient.SPH_MATCH_EXTENDED2\t= 6","","// known ranking modes (extended2 mode only)","SphinxClient.SPH_RANK_PROXIMITY_BM25= 0 // default mode, phrase proximity major factor and BM25 minor one","SphinxClient.SPH_RANK_BM25\t\t\t= 1 // statistical mode, BM25 ranking only (faster but worse quality)","SphinxClient.SPH_RANK_NONE\t\t\t= 2 // no ranking, all matches get a weight of 1","SphinxClient.SPH_RANK_WORDCOUNT\t\t= 3 // simple word-count weighting, rank is a weighted sum of per-field keyword occurence counts","SphinxClient.SPH_RANK_PROXIMITY\t\t= 4","SphinxClient.SPH_RANK_MATCHANY\t\t= 5","SphinxClient.SPH_RANK_FIELDMASK\t\t= 6","SphinxClient.SPH_RANK_SPH04\t\t\t= 7","SphinxClient.SPH_RANK_EXPR\t\t\t= 8","SphinxClient.SPH_RANK_TOTAL\t\t\t= 9","","// known sort modes","SphinxClient.SPH_SORT_RELEVANCE\t\t= 0","SphinxClient.SPH_SORT_ATTR_DESC\t\t= 1","SphinxClient.SPH_SORT_ATTR_ASC\t\t= 2","SphinxClient.SPH_SORT_TIME_SEGMENTS\t= 3","SphinxClient.SPH_SORT_EXTENDED\t\t= 4","SphinxClient.SPH_SORT_EXPR\t\t\t= 5","","// known filter types","SphinxClient.SPH_FILTER_VALUES\t\t= 0","SphinxClient.SPH_FILTER_RANGE\t\t= 1","SphinxClient.SPH_FILTER_FLOATRANGE\t= 2","","// known attribute types","SphinxClient.SPH_ATTR_NONE\t\t\t= 0","SphinxClient.SPH_ATTR_INTEGER\t\t= 1","SphinxClient.SPH_ATTR_TIMESTAMP\t\t= 2","SphinxClient.SPH_ATTR_ORDINAL\t\t= 3","SphinxClient.SPH_ATTR_BOOL\t\t\t= 4","SphinxClient.SPH_ATTR_FLOAT\t\t\t= 5","SphinxClient.SPH_ATTR_BIGINT\t\t= 6","SphinxClient.SPH_ATTR_STRING\t\t= 7","SphinxClient.SPH_ATTR_MULTI\t\t\t= 0x40000001","SphinxClient.SPH_ATTR_MULTI64\t\t= 0x40000002","","SphinxClient.SPH_ATTR_TYPES = [","\tSphinxClient.SPH_ATTR_NONE,","\tSphinxClient.SPH_ATTR_INTEGER,","\tSphinxClient.SPH_ATTR_TIMESTAMP,","\tSphinxClient.SPH_ATTR_ORDINAL,","\tSphinxClient.SPH_ATTR_BOOL,","\tSphinxClient.SPH_ATTR_FLOAT,","\tSphinxClient.SPH_ATTR_BIGINT,","\tSphinxClient.SPH_ATTR_STRING,","\tSphinxClient.SPH_ATTR_MULTI,","\tSphinxClient.SPH_ATTR_MULTI64","]","","// known grouping functions","SphinxClient.SPH_GROUPBY_DAY\t \t= 0","SphinxClient.SPH_GROUPBY_WEEK\t\t= 1","SphinxClient.SPH_GROUPBY_MONTH\t\t= 2","SphinxClient.SPH_GROUPBY_YEAR\t\t= 3","SphinxClient.SPH_GROUPBY_ATTR\t\t= 4","SphinxClient.SPH_GROUPBY_ATTRPAIR\t= 5","","","module.exports = SphinxClient;",""],"l":{"11":1,"27":1,"28":0,"31":1,"32":0,"35":1,"36":0,"37":0,"38":0,"41":1,"42":0,"43":0,"44":0,"47":1,"48":0,"49":0,"50":0,"51":0,"53":1,"54":0,"57":1,"58":0,"59":0,"62":0,"63":0,"64":0,"69":1,"70":0,"71":0,"73":0,"74":0,"77":0,"78":0,"79":0,"81":0,"84":1,"85":0,"87":1,"88":0,"96":1,"97":0,"98":0,"101":0,"102":0,"103":0,"104":0,"105":0,"106":0,"107":0,"108":0,"109":0,"110":0,"111":0,"112":0,"113":0,"114":0,"115":0,"116":0,"117":0,"118":0,"119":0,"120":0,"121":0,"122":0,"123":0,"124":0,"125":0,"126":0,"127":0,"128":0,"129":0,"130":0,"132":0,"133":0,"134":0,"141":1,"142":0,"143":0,"144":0,"145":0,"146":0,"148":0,"149":0,"151":0,"152":0,"153":0,"154":0,"155":0,"156":0,"159":0,"161":0,"162":0,"163":0,"164":0,"165":0,"166":0,"167":0,"168":0,"169":0,"170":0,"171":0,"174":0,"175":0,"177":0,"178":0,"179":0,"181":0,"182":0,"183":0,"186":0,"187":0,"188":0,"190":0,"191":0,"192":0,"194":0,"195":0,"196":0,"199":0,"200":0,"205":0,"206":0,"210":0,"212":0,"215":0,"216":0,"219":0,"220":0,"223":0,"226":1,"227":0,"228":0,"230":1,"231":0,"232":0,"239":1,"240":0,"241":0,"242":0,"243":0,"244":0,"246":1,"247":0,"248":0,"249":0,"251":1,"252":0,"253":0,"254":0,"255":0,"256":0,"257":0,"258":0,"260":0,"261":0,"263":0,"264":0,"265":0,"266":0,"267":0,"269":0,"270":0,"273":1,"274":0,"275":0,"276":0,"277":0,"279":1,"280":0,"281":0,"282":0,"283":0,"285":1,"286":0,"287":0,"288":0,"290":0,"291":0,"292":0,"294":1,"295":0,"296":0,"297":0,"298":0,"300":0,"301":0,"302":0,"303":0,"305":1,"306":0,"307":0,"308":0,"309":0,"311":0,"313":1,"314":0,"315":0,"316":0,"317":0,"319":0,"321":1,"322":0,"323":0,"324":0,"325":0,"327":0,"329":1,"330":0,"331":0,"332":0,"333":0,"334":0,"335":0,"337":1,"338":0,"339":0,"340":0,"342":0,"343":0,"344":0,"346":0,"353":1,"354":0,"355":0,"356":0,"358":0,"359":0,"360":0,"361":0,"363":0,"372":1,"373":0,"374":0,"375":0,"377":0,"378":0,"379":0,"380":0,"382":0,"391":1,"392":0,"393":0,"394":0,"395":0,"396":0,"397":0,"398":0,"399":0,"400":0,"402":1,"403":0,"404":0,"405":0,"406":0,"407":0,"408":0,"409":0,"410":0,"411":0,"413":1,"414":0,"415":0,"416":0,"418":1,"419":0,"420":0,"421":0,"422":0,"423":0,"424":0,"425":0,"426":0,"428":1,"429":0,"430":0,"431":0,"432":0,"433":0,"439":1,"440":0,"441":0,"442":0,"444":1,"445":0,"446":0,"448":1,"449":0,"450":0,"451":0,"453":1,"454":0,"455":0,"456":0,"457":0,"458":0,"465":1,"466":0,"467":0,"468":0,"469":0,"470":0,"472":0,"473":0,"474":0,"476":0,"478":0,"479":0,"481":0,"482":0,"483":0,"485":0,"486":0,"487":0,"489":0,"490":0,"491":0,"492":0,"493":0,"495":0,"504":1,"505":0,"506":0,"507":0,"508":0,"509":0,"510":0,"511":0,"512":0,"513":0,"515":0,"516":0,"517":0,"520":0,"521":0,"523":0,"524":0,"525":0,"527":0,"528":0,"529":0,"532":0,"534":0,"537":0,"538":0,"539":0,"540":0,"541":0,"542":0,"543":0,"544":0,"545":0,"547":0,"549":0,"551":0,"553":0,"555":0,"556":0,"557":0,"559":0,"563":0,"564":0,"565":0,"566":0,"567":0,"568":0,"569":0,"572":0,"573":0,"576":0,"577":0,"578":0,"579":0,"580":0,"584":0,"586":0,"587":0,"588":0,"589":0,"593":0,"596":0,"597":0,"598":0,"599":0,"600":0,"604":0,"605":0,"608":0,"610":0,"611":0,"612":0,"613":0,"614":0,"616":0,"617":0,"618":0,"620":0,"622":0,"625":0,"631":0,"632":0,"635":0,"637":0,"639":0,"640":0,"647":1,"648":0,"649":0,"651":0,"652":0,"653":0,"654":0,"657":0,"659":0,"660":0,"661":0,"662":0,"663":0,"665":0,"666":0,"669":0,"670":0,"671":0,"672":0,"673":0,"674":0,"675":0,"677":0,"678":0,"679":0,"680":0,"681":0,"682":0,"683":0,"684":0,"685":0,"687":0,"688":0,"691":0,"692":0,"696":0,"697":0,"699":0,"700":0,"701":0,"702":0,"703":0,"704":0,"705":0,"706":0,"709":0,"711":0,"712":0,"713":0,"714":0,"715":0,"716":0,"717":0,"718":0,"719":0,"720":0,"722":0,"725":0,"726":0,"727":0,"728":0,"731":0,"732":0,"733":0,"734":0,"735":0,"737":0,"738":0,"739":0,"740":0,"741":0,"744":0,"745":0,"746":0,"747":0,"750":0,"751":0,"752":0,"753":0,"754":0,"756":0,"758":0,"759":0,"761":0,"762":0,"763":0,"764":0,"765":0,"766":0,"768":0,"770":0,"771":0,"772":0,"773":0,"774":0,"775":0,"776":0,"778":0,"780":0,"781":0,"782":0,"783":0,"784":0,"785":0,"787":0,"788":0,"790":0,"793":0,"795":0,"797":0,"799":0,"800":0,"801":0,"802":0,"803":0,"804":0,"805":0,"806":0,"808":0,"810":0,"811":0,"812":0,"813":0,"814":0,"815":0,"816":0,"817":0,"818":0,"819":0,"820":0,"822":0,"826":0,"829":0,"831":1,"832":0,"833":0,"834":0,"835":0,"836":0,"838":0,"841":0,"842":0,"843":0,"844":0,"845":0,"846":0,"847":0,"848":0,"849":0,"850":0,"851":0,"852":0,"853":0,"854":0,"855":0,"856":0,"857":0,"858":0,"859":0,"860":0,"862":0,"863":0,"864":0,"865":0,"866":0,"867":0,"868":0,"869":0,"870":0,"871":0,"872":0,"874":0,"876":0,"877":0,"878":0,"880":0,"881":0,"882":0,"883":0,"884":0,"885":0,"886":0,"887":0,"889":0,"890":0,"891":0,"892":0,"895":0,"896":0,"898":0,"900":0,"901":0,"902":0,"903":0,"905":0,"906":0,"907":0,"908":0,"909":0,"910":0,"912":0,"913":0,"915":0,"916":0,"919":1,"920":0,"922":1,"930":1,"931":0,"932":0,"933":0,"934":0,"935":0,"936":0,"937":0,"938":0,"939":0,"940":0,"941":0,"942":0,"943":0,"944":0,"946":0,"949":1,"957":1,"959":1,"964":1,"965":0,"966":0,"967":0,"968":0,"969":0,"971":0,"972":0,"973":0,"975":0,"976":0,"982":1,"983":1,"984":1,"985":1,"986":1,"987":1,"988":1,"991":1,"992":1,"993":1,"994":1,"995":1,"996":1,"999":1,"1000":1,"1001":1,"1002":1,"1005":1,"1006":1,"1007":1,"1008":1,"1009":1,"1010":1,"1011":1,"1014":1,"1015":1,"1016":1,"1017":1,"1018":1,"1019":1,"1020":1,"1021":1,"1022":1,"1023":1,"1026":1,"1027":1,"1028":1,"1029":1,"1030":1,"1031":1,"1034":1,"1035":1,"1036":1,"1039":1,"1040":1,"1041":1,"1042":1,"1043":1,"1044":1,"1045":1,"1046":1,"1047":1,"1048":1,"1050":1,"1064":1,"1065":1,"1066":1,"1067":1,"1068":1,"1069":1,"1072":1}}}